{"/home/alfred/Documents/Code/BlueMoonSchedulingProgram-main/BlueMoonSchedulingProgram-main/server/index.js": {"path":"/home/alfred/Documents/Code/BlueMoonSchedulingProgram-main/BlueMoonSchedulingProgram-main/server/index.js","statementMap":{"0":{"start":{"line":1,"column":16},"end":{"line":1,"column":34}},"1":{"start":{"line":2,"column":13},"end":{"line":2,"column":28}},"2":{"start":{"line":3,"column":20},"end":{"line":3,"column":42}},"3":{"start":{"line":4,"column":26},"end":{"line":4,"column":56}},"4":{"start":{"line":5,"column":13},"end":{"line":5,"column":28}},"5":{"start":{"line":6,"column":15},"end":{"line":6,"column":34}},"6":{"start":{"line":7,"column":12},"end":{"line":7,"column":35}},"7":{"start":{"line":8,"column":35},"end":{"line":8,"column":63}},"8":{"start":{"line":9,"column":18},"end":{"line":9,"column":47}},"9":{"start":{"line":10,"column":19},"end":{"line":10,"column":40}},"10":{"start":{"line":11,"column":14},"end":{"line":11,"column":30}},"11":{"start":{"line":12,"column":79},"end":{"line":12,"column":113}},"12":{"start":{"line":13,"column":0},"end":{"line":13,"column":27}},"13":{"start":{"line":16,"column":11},"end":{"line":16,"column":26}},"14":{"start":{"line":17,"column":17},"end":{"line":17,"column":57}},"15":{"start":{"line":18,"column":18},"end":{"line":18,"column":59}},"16":{"start":{"line":19,"column":23},"end":{"line":19,"column":69}},"17":{"start":{"line":20,"column":21},"end":{"line":20,"column":76}},"18":{"start":{"line":21,"column":20},"end":{"line":21,"column":71}},"19":{"start":{"line":22,"column":21},"end":{"line":22,"column":70}},"20":{"start":{"line":23,"column":25},"end":{"line":23,"column":73}},"21":{"start":{"line":25,"column":12},"end":{"line":25,"column":21}},"22":{"start":{"line":26,"column":13},"end":{"line":26,"column":37}},"23":{"start":{"line":27,"column":19},"end":{"line":27,"column":83}},"24":{"start":{"line":30,"column":20},"end":{"line":36,"column":2}},"25":{"start":{"line":38,"column":23},"end":{"line":44,"column":2}},"26":{"start":{"line":48,"column":0},"end":{"line":61,"column":4}},"27":{"start":{"line":55,"column":4},"end":{"line":57,"column":5}},"28":{"start":{"line":56,"column":6},"end":{"line":56,"column":19}},"29":{"start":{"line":59,"column":4},"end":{"line":59,"column":40}},"30":{"start":{"line":63,"column":0},"end":{"line":63,"column":16}},"31":{"start":{"line":64,"column":0},"end":{"line":64,"column":41}},"32":{"start":{"line":65,"column":0},"end":{"line":65,"column":34}},"33":{"start":{"line":66,"column":0},"end":{"line":66,"column":32}},"34":{"start":{"line":72,"column":26},"end":{"line":99,"column":1}},"35":{"start":{"line":73,"column":21},"end":{"line":73,"column":49}},"36":{"start":{"line":74,"column":16},"end":{"line":74,"column":54}},"37":{"start":{"line":76,"column":2},"end":{"line":78,"column":3}},"38":{"start":{"line":77,"column":4},"end":{"line":77,"column":70}},"39":{"start":{"line":80,"column":2},"end":{"line":98,"column":5}},"40":{"start":{"line":81,"column":4},"end":{"line":83,"column":5}},"41":{"start":{"line":82,"column":6},"end":{"line":82,"column":75}},"42":{"start":{"line":85,"column":4},"end":{"line":97,"column":5}},"43":{"start":{"line":87,"column":19},"end":{"line":87,"column":54}},"44":{"start":{"line":88,"column":6},"end":{"line":90,"column":7}},"45":{"start":{"line":89,"column":8},"end":{"line":89,"column":67}},"46":{"start":{"line":92,"column":6},"end":{"line":92,"column":25}},"47":{"start":{"line":93,"column":6},"end":{"line":93,"column":13}},"48":{"start":{"line":95,"column":6},"end":{"line":95,"column":61}},"49":{"start":{"line":96,"column":6},"end":{"line":96,"column":72}},"50":{"start":{"line":102,"column":22},"end":{"line":117,"column":1}},"51":{"start":{"line":103,"column":19},"end":{"line":113,"column":3}},"52":{"start":{"line":104,"column":4},"end":{"line":106,"column":5}},"53":{"start":{"line":105,"column":6},"end":{"line":105,"column":91}},"54":{"start":{"line":107,"column":4},"end":{"line":111,"column":5}},"55":{"start":{"line":108,"column":6},"end":{"line":110,"column":7}},"56":{"start":{"line":109,"column":8},"end":{"line":109,"column":38}},"57":{"start":{"line":112,"column":4},"end":{"line":112,"column":15}},"58":{"start":{"line":115,"column":2},"end":{"line":115,"column":32}},"59":{"start":{"line":116,"column":2},"end":{"line":116,"column":9}},"60":{"start":{"line":120,"column":29},"end":{"line":134,"column":1}},"61":{"start":{"line":121,"column":2},"end":{"line":133,"column":3}},"62":{"start":{"line":122,"column":17},"end":{"line":122,"column":63}},"63":{"start":{"line":123,"column":4},"end":{"line":123,"column":28}},"64":{"start":{"line":123,"column":15},"end":{"line":123,"column":28}},"65":{"start":{"line":125,"column":26},"end":{"line":125,"column":59}},"66":{"start":{"line":126,"column":21},"end":{"line":126,"column":45}},"67":{"start":{"line":127,"column":21},"end":{"line":127,"column":53}},"68":{"start":{"line":129,"column":4},"end":{"line":129,"column":32}},"69":{"start":{"line":131,"column":4},"end":{"line":131,"column":58}},"70":{"start":{"line":132,"column":4},"end":{"line":132,"column":17}},"71":{"start":{"line":137,"column":25},"end":{"line":156,"column":1}},"72":{"start":{"line":151,"column":4},"end":{"line":153,"column":5}},"73":{"start":{"line":152,"column":6},"end":{"line":152,"column":48}},"74":{"start":{"line":154,"column":4},"end":{"line":154,"column":16}},"75":{"start":{"line":158,"column":22},"end":{"line":161,"column":1}},"76":{"start":{"line":163,"column":27},"end":{"line":176,"column":1}},"77":{"start":{"line":178,"column":31},"end":{"line":191,"column":1}},"78":{"start":{"line":186,"column":4},"end":{"line":188,"column":5}},"79":{"start":{"line":187,"column":6},"end":{"line":187,"column":48}},"80":{"start":{"line":189,"column":4},"end":{"line":189,"column":16}},"81":{"start":{"line":193,"column":22},"end":{"line":207,"column":1}},"82":{"start":{"line":210,"column":0},"end":{"line":263,"column":3}},"83":{"start":{"line":211,"column":2},"end":{"line":262,"column":3}},"84":{"start":{"line":212,"column":19},"end":{"line":212,"column":40}},"85":{"start":{"line":213,"column":4},"end":{"line":218,"column":5}},"86":{"start":{"line":214,"column":6},"end":{"line":217,"column":9}},"87":{"start":{"line":220,"column":38},"end":{"line":220,"column":46}},"88":{"start":{"line":223,"column":24},"end":{"line":223,"column":57}},"89":{"start":{"line":224,"column":4},"end":{"line":226,"column":5}},"90":{"start":{"line":225,"column":6},"end":{"line":225,"column":86}},"91":{"start":{"line":229,"column":23},"end":{"line":229,"column":25}},"92":{"start":{"line":230,"column":27},"end":{"line":230,"column":66}},"93":{"start":{"line":233,"column":17},"end":{"line":245,"column":6}},"94":{"start":{"line":248,"column":18},"end":{"line":252,"column":5}},"95":{"start":{"line":255,"column":4},"end":{"line":258,"column":7}},"96":{"start":{"line":260,"column":4},"end":{"line":260,"column":48}},"97":{"start":{"line":261,"column":4},"end":{"line":261,"column":63}},"98":{"start":{"line":265,"column":0},"end":{"line":306,"column":3}},"99":{"start":{"line":266,"column":2},"end":{"line":305,"column":3}},"100":{"start":{"line":267,"column":19},"end":{"line":267,"column":40}},"101":{"start":{"line":268,"column":4},"end":{"line":273,"column":5}},"102":{"start":{"line":269,"column":6},"end":{"line":272,"column":9}},"103":{"start":{"line":275,"column":32},"end":{"line":275,"column":40}},"104":{"start":{"line":278,"column":17},"end":{"line":278,"column":56}},"105":{"start":{"line":279,"column":4},"end":{"line":281,"column":5}},"106":{"start":{"line":280,"column":6},"end":{"line":280,"column":76}},"107":{"start":{"line":284,"column":28},"end":{"line":284,"column":73}},"108":{"start":{"line":285,"column":4},"end":{"line":287,"column":5}},"109":{"start":{"line":286,"column":6},"end":{"line":286,"column":76}},"110":{"start":{"line":290,"column":18},"end":{"line":294,"column":5}},"111":{"start":{"line":297,"column":52},"end":{"line":297,"column":56}},"112":{"start":{"line":298,"column":4},"end":{"line":301,"column":7}},"113":{"start":{"line":303,"column":4},"end":{"line":303,"column":41}},"114":{"start":{"line":304,"column":4},"end":{"line":304,"column":63}},"115":{"start":{"line":308,"column":0},"end":{"line":320,"column":3}},"116":{"start":{"line":309,"column":2},"end":{"line":319,"column":3}},"117":{"start":{"line":310,"column":17},"end":{"line":310,"column":53}},"118":{"start":{"line":311,"column":4},"end":{"line":313,"column":5}},"119":{"start":{"line":312,"column":6},"end":{"line":312,"column":65}},"120":{"start":{"line":315,"column":4},"end":{"line":315,"column":23}},"121":{"start":{"line":317,"column":4},"end":{"line":317,"column":44}},"122":{"start":{"line":318,"column":4},"end":{"line":318,"column":63}},"123":{"start":{"line":322,"column":0},"end":{"line":325,"column":3}},"124":{"start":{"line":324,"column":2},"end":{"line":324,"column":51}},"125":{"start":{"line":328,"column":0},"end":{"line":340,"column":3}},"126":{"start":{"line":329,"column":2},"end":{"line":339,"column":3}},"127":{"start":{"line":330,"column":17},"end":{"line":330,"column":53}},"128":{"start":{"line":331,"column":4},"end":{"line":333,"column":5}},"129":{"start":{"line":332,"column":6},"end":{"line":332,"column":65}},"130":{"start":{"line":335,"column":4},"end":{"line":335,"column":23}},"131":{"start":{"line":337,"column":4},"end":{"line":337,"column":49}},"132":{"start":{"line":338,"column":4},"end":{"line":338,"column":63}},"133":{"start":{"line":342,"column":0},"end":{"line":380,"column":3}},"134":{"start":{"line":343,"column":2},"end":{"line":379,"column":3}},"135":{"start":{"line":344,"column":19},"end":{"line":344,"column":40}},"136":{"start":{"line":345,"column":4},"end":{"line":350,"column":5}},"137":{"start":{"line":346,"column":6},"end":{"line":349,"column":9}},"138":{"start":{"line":352,"column":41},"end":{"line":352,"column":49}},"139":{"start":{"line":353,"column":19},"end":{"line":353,"column":30}},"140":{"start":{"line":356,"column":4},"end":{"line":361,"column":5}},"141":{"start":{"line":357,"column":27},"end":{"line":357,"column":60}},"142":{"start":{"line":358,"column":6},"end":{"line":360,"column":7}},"143":{"start":{"line":359,"column":8},"end":{"line":359,"column":73}},"144":{"start":{"line":364,"column":20},"end":{"line":364,"column":22}},"145":{"start":{"line":365,"column":4},"end":{"line":365,"column":34}},"146":{"start":{"line":365,"column":14},"end":{"line":365,"column":34}},"147":{"start":{"line":366,"column":4},"end":{"line":366,"column":37}},"148":{"start":{"line":366,"column":15},"end":{"line":366,"column":37}},"149":{"start":{"line":367,"column":4},"end":{"line":367,"column":55}},"150":{"start":{"line":367,"column":21},"end":{"line":367,"column":55}},"151":{"start":{"line":370,"column":24},"end":{"line":370,"column":69}},"152":{"start":{"line":372,"column":4},"end":{"line":375,"column":7}},"153":{"start":{"line":377,"column":4},"end":{"line":377,"column":50}},"154":{"start":{"line":378,"column":4},"end":{"line":378,"column":63}},"155":{"start":{"line":382,"column":0},"end":{"line":422,"column":3}},"156":{"start":{"line":383,"column":2},"end":{"line":421,"column":3}},"157":{"start":{"line":384,"column":19},"end":{"line":384,"column":40}},"158":{"start":{"line":385,"column":4},"end":{"line":390,"column":5}},"159":{"start":{"line":386,"column":6},"end":{"line":389,"column":9}},"160":{"start":{"line":392,"column":45},"end":{"line":392,"column":53}},"161":{"start":{"line":393,"column":19},"end":{"line":393,"column":30}},"162":{"start":{"line":396,"column":17},"end":{"line":396,"column":48}},"163":{"start":{"line":397,"column":4},"end":{"line":399,"column":5}},"164":{"start":{"line":398,"column":6},"end":{"line":398,"column":65}},"165":{"start":{"line":402,"column":29},"end":{"line":402,"column":73}},"166":{"start":{"line":405,"column":35},"end":{"line":405,"column":99}},"167":{"start":{"line":406,"column":4},"end":{"line":408,"column":5}},"168":{"start":{"line":407,"column":6},"end":{"line":407,"column":80}},"169":{"start":{"line":411,"column":23},"end":{"line":411,"column":25}},"170":{"start":{"line":412,"column":30},"end":{"line":412,"column":72}},"171":{"start":{"line":415,"column":4},"end":{"line":415,"column":61}},"172":{"start":{"line":417,"column":4},"end":{"line":417,"column":59}},"173":{"start":{"line":419,"column":4},"end":{"line":419,"column":51}},"174":{"start":{"line":420,"column":4},"end":{"line":420,"column":63}},"175":{"start":{"line":424,"column":0},"end":{"line":440,"column":3}},"176":{"start":{"line":425,"column":2},"end":{"line":439,"column":3}},"177":{"start":{"line":426,"column":19},"end":{"line":426,"column":30}},"178":{"start":{"line":429,"column":20},"end":{"line":429,"column":57}},"179":{"start":{"line":431,"column":4},"end":{"line":433,"column":5}},"180":{"start":{"line":432,"column":6},"end":{"line":432,"column":65}},"181":{"start":{"line":435,"column":4},"end":{"line":435,"column":58}},"182":{"start":{"line":437,"column":4},"end":{"line":437,"column":52}},"183":{"start":{"line":438,"column":4},"end":{"line":438,"column":63}},"184":{"start":{"line":443,"column":0},"end":{"line":453,"column":3}},"185":{"start":{"line":444,"column":2},"end":{"line":452,"column":3}},"186":{"start":{"line":445,"column":19},"end":{"line":445,"column":30}},"187":{"start":{"line":446,"column":23},"end":{"line":446,"column":64}},"188":{"start":{"line":448,"column":4},"end":{"line":448,"column":37}},"189":{"start":{"line":450,"column":4},"end":{"line":450,"column":48}},"190":{"start":{"line":451,"column":4},"end":{"line":451,"column":63}},"191":{"start":{"line":455,"column":0},"end":{"line":487,"column":3}},"192":{"start":{"line":456,"column":2},"end":{"line":486,"column":3}},"193":{"start":{"line":457,"column":19},"end":{"line":457,"column":40}},"194":{"start":{"line":458,"column":4},"end":{"line":463,"column":5}},"195":{"start":{"line":459,"column":6},"end":{"line":462,"column":9}},"196":{"start":{"line":465,"column":52},"end":{"line":465,"column":60}},"197":{"start":{"line":466,"column":19},"end":{"line":466,"column":30}},"198":{"start":{"line":469,"column":18},"end":{"line":473,"column":14}},"199":{"start":{"line":475,"column":4},"end":{"line":482,"column":7}},"200":{"start":{"line":484,"column":4},"end":{"line":484,"column":50}},"201":{"start":{"line":485,"column":4},"end":{"line":485,"column":63}},"202":{"start":{"line":489,"column":0},"end":{"line":509,"column":3}},"203":{"start":{"line":490,"column":2},"end":{"line":508,"column":3}},"204":{"start":{"line":491,"column":24},"end":{"line":491,"column":34}},"205":{"start":{"line":492,"column":19},"end":{"line":492,"column":30}},"206":{"start":{"line":494,"column":18},"end":{"line":494,"column":63}},"207":{"start":{"line":495,"column":4},"end":{"line":497,"column":5}},"208":{"start":{"line":496,"column":6},"end":{"line":496,"column":66}},"209":{"start":{"line":500,"column":4},"end":{"line":502,"column":5}},"210":{"start":{"line":501,"column":6},"end":{"line":501,"column":101}},"211":{"start":{"line":504,"column":4},"end":{"line":504,"column":24}},"212":{"start":{"line":506,"column":4},"end":{"line":506,"column":47}},"213":{"start":{"line":507,"column":4},"end":{"line":507,"column":63}},"214":{"start":{"line":511,"column":0},"end":{"line":548,"column":3}},"215":{"start":{"line":512,"column":2},"end":{"line":547,"column":3}},"216":{"start":{"line":513,"column":19},"end":{"line":513,"column":40}},"217":{"start":{"line":514,"column":4},"end":{"line":519,"column":5}},"218":{"start":{"line":515,"column":6},"end":{"line":518,"column":9}},"219":{"start":{"line":521,"column":24},"end":{"line":521,"column":34}},"220":{"start":{"line":522,"column":40},"end":{"line":522,"column":48}},"221":{"start":{"line":523,"column":19},"end":{"line":523,"column":30}},"222":{"start":{"line":526,"column":26},"end":{"line":526,"column":78}},"223":{"start":{"line":527,"column":4},"end":{"line":529,"column":5}},"224":{"start":{"line":528,"column":6},"end":{"line":528,"column":93}},"225":{"start":{"line":532,"column":20},"end":{"line":532,"column":22}},"226":{"start":{"line":533,"column":4},"end":{"line":533,"column":34}},"227":{"start":{"line":533,"column":14},"end":{"line":533,"column":34}},"228":{"start":{"line":534,"column":4},"end":{"line":534,"column":69}},"229":{"start":{"line":534,"column":35},"end":{"line":534,"column":69}},"230":{"start":{"line":535,"column":4},"end":{"line":535,"column":34}},"231":{"start":{"line":535,"column":14},"end":{"line":535,"column":34}},"232":{"start":{"line":538,"column":18},"end":{"line":538,"column":63}},"233":{"start":{"line":540,"column":4},"end":{"line":543,"column":7}},"234":{"start":{"line":545,"column":4},"end":{"line":545,"column":48}},"235":{"start":{"line":546,"column":4},"end":{"line":546,"column":63}},"236":{"start":{"line":550,"column":0},"end":{"line":573,"column":3}},"237":{"start":{"line":551,"column":2},"end":{"line":572,"column":3}},"238":{"start":{"line":552,"column":24},"end":{"line":552,"column":34}},"239":{"start":{"line":553,"column":19},"end":{"line":553,"column":30}},"240":{"start":{"line":556,"column":26},"end":{"line":556,"column":78}},"241":{"start":{"line":557,"column":4},"end":{"line":559,"column":5}},"242":{"start":{"line":558,"column":6},"end":{"line":558,"column":93}},"243":{"start":{"line":562,"column":20},"end":{"line":562,"column":60}},"244":{"start":{"line":564,"column":4},"end":{"line":566,"column":5}},"245":{"start":{"line":565,"column":6},"end":{"line":565,"column":66}},"246":{"start":{"line":568,"column":4},"end":{"line":568,"column":56}},"247":{"start":{"line":570,"column":4},"end":{"line":570,"column":50}},"248":{"start":{"line":571,"column":4},"end":{"line":571,"column":63}},"249":{"start":{"line":576,"column":0},"end":{"line":634,"column":3}},"250":{"start":{"line":577,"column":2},"end":{"line":633,"column":3}},"251":{"start":{"line":578,"column":24},"end":{"line":578,"column":34}},"252":{"start":{"line":579,"column":22},"end":{"line":579,"column":30}},"253":{"start":{"line":580,"column":19},"end":{"line":580,"column":30}},"254":{"start":{"line":582,"column":4},"end":{"line":584,"column":5}},"255":{"start":{"line":583,"column":6},"end":{"line":583,"column":68}},"256":{"start":{"line":587,"column":26},"end":{"line":587,"column":78}},"257":{"start":{"line":588,"column":4},"end":{"line":590,"column":5}},"258":{"start":{"line":589,"column":6},"end":{"line":589,"column":93}},"259":{"start":{"line":593,"column":24},"end":{"line":593,"column":71}},"260":{"start":{"line":594,"column":4},"end":{"line":596,"column":5}},"261":{"start":{"line":595,"column":6},"end":{"line":595,"column":65}},"262":{"start":{"line":599,"column":21},"end":{"line":599,"column":70}},"263":{"start":{"line":600,"column":4},"end":{"line":602,"column":5}},"264":{"start":{"line":601,"column":6},"end":{"line":601,"column":89}},"265":{"start":{"line":605,"column":19},"end":{"line":605,"column":92}},"266":{"start":{"line":606,"column":4},"end":{"line":608,"column":5}},"267":{"start":{"line":607,"column":6},"end":{"line":607,"column":87}},"268":{"start":{"line":611,"column":23},"end":{"line":615,"column":6}},"269":{"start":{"line":618,"column":18},"end":{"line":618,"column":55}},"270":{"start":{"line":619,"column":21},"end":{"line":619,"column":52}},"271":{"start":{"line":621,"column":4},"end":{"line":629,"column":7}},"272":{"start":{"line":631,"column":4},"end":{"line":631,"column":46}},"273":{"start":{"line":632,"column":4},"end":{"line":632,"column":63}},"274":{"start":{"line":636,"column":0},"end":{"line":657,"column":3}},"275":{"start":{"line":637,"column":2},"end":{"line":656,"column":3}},"276":{"start":{"line":638,"column":19},"end":{"line":638,"column":30}},"277":{"start":{"line":640,"column":28},"end":{"line":640,"column":90}},"278":{"start":{"line":643,"column":33},"end":{"line":650,"column":7}},"279":{"start":{"line":643,"column":59},"end":{"line":650,"column":5}},"280":{"start":{"line":652,"column":4},"end":{"line":652,"column":52}},"281":{"start":{"line":654,"column":4},"end":{"line":654,"column":53}},"282":{"start":{"line":655,"column":4},"end":{"line":655,"column":63}},"283":{"start":{"line":659,"column":0},"end":{"line":695,"column":3}},"284":{"start":{"line":660,"column":2},"end":{"line":694,"column":3}},"285":{"start":{"line":661,"column":29},"end":{"line":661,"column":39}},"286":{"start":{"line":662,"column":23},"end":{"line":662,"column":31}},"287":{"start":{"line":663,"column":19},"end":{"line":663,"column":30}},"288":{"start":{"line":665,"column":4},"end":{"line":667,"column":5}},"289":{"start":{"line":666,"column":6},"end":{"line":666,"column":94}},"290":{"start":{"line":669,"column":23},"end":{"line":669,"column":75}},"291":{"start":{"line":670,"column":4},"end":{"line":672,"column":5}},"292":{"start":{"line":671,"column":6},"end":{"line":671,"column":71}},"293":{"start":{"line":674,"column":4},"end":{"line":676,"column":5}},"294":{"start":{"line":675,"column":6},"end":{"line":675,"column":91}},"295":{"start":{"line":679,"column":22},"end":{"line":679,"column":67}},"296":{"start":{"line":680,"column":30},"end":{"line":680,"column":98}},"297":{"start":{"line":682,"column":4},"end":{"line":685,"column":5}},"298":{"start":{"line":684,"column":6},"end":{"line":684,"column":70}},"299":{"start":{"line":687,"column":4},"end":{"line":690,"column":7}},"300":{"start":{"line":692,"column":4},"end":{"line":692,"column":55}},"301":{"start":{"line":693,"column":4},"end":{"line":693,"column":63}},"302":{"start":{"line":697,"column":0},"end":{"line":730,"column":3}},"303":{"start":{"line":698,"column":2},"end":{"line":729,"column":3}},"304":{"start":{"line":699,"column":34},"end":{"line":699,"column":44}},"305":{"start":{"line":700,"column":19},"end":{"line":700,"column":30}},"306":{"start":{"line":703,"column":21},"end":{"line":703,"column":62}},"307":{"start":{"line":704,"column":4},"end":{"line":706,"column":5}},"308":{"start":{"line":705,"column":6},"end":{"line":705,"column":101}},"309":{"start":{"line":709,"column":23},"end":{"line":709,"column":71}},"310":{"start":{"line":710,"column":4},"end":{"line":712,"column":5}},"311":{"start":{"line":711,"column":6},"end":{"line":711,"column":81}},"312":{"start":{"line":715,"column":22},"end":{"line":716,"column":102}},"313":{"start":{"line":718,"column":4},"end":{"line":720,"column":5}},"314":{"start":{"line":719,"column":6},"end":{"line":719,"column":91}},"315":{"start":{"line":723,"column":4},"end":{"line":723,"column":52}},"316":{"start":{"line":725,"column":4},"end":{"line":725,"column":57}},"317":{"start":{"line":727,"column":4},"end":{"line":727,"column":50}},"318":{"start":{"line":728,"column":4},"end":{"line":728,"column":63}},"319":{"start":{"line":733,"column":0},"end":{"line":735,"column":3}},"320":{"start":{"line":734,"column":2},"end":{"line":734,"column":66}},"321":{"start":{"line":738,"column":21},"end":{"line":742,"column":1}},"322":{"start":{"line":744,"column":15},"end":{"line":747,"column":1}},"323":{"start":{"line":750,"column":0},"end":{"line":764,"column":3}},"324":{"start":{"line":751,"column":2},"end":{"line":763,"column":3}},"325":{"start":{"line":752,"column":20},"end":{"line":757,"column":6}},"326":{"start":{"line":759,"column":4},"end":{"line":759,"column":26}},"327":{"start":{"line":761,"column":4},"end":{"line":761,"column":53}},"328":{"start":{"line":762,"column":4},"end":{"line":762,"column":69}},"329":{"start":{"line":766,"column":0},"end":{"line":834,"column":3}},"330":{"start":{"line":767,"column":2},"end":{"line":833,"column":3}},"331":{"start":{"line":768,"column":28},"end":{"line":768,"column":37}},"332":{"start":{"line":769,"column":19},"end":{"line":769,"column":24}},"333":{"start":{"line":771,"column":4},"end":{"line":773,"column":5}},"334":{"start":{"line":772,"column":6},"end":{"line":772,"column":81}},"335":{"start":{"line":776,"column":23},"end":{"line":776,"column":56}},"336":{"start":{"line":777,"column":4},"end":{"line":777,"column":40}},"337":{"start":{"line":780,"column":21},"end":{"line":780,"column":75}},"338":{"start":{"line":781,"column":25},"end":{"line":781,"column":59}},"339":{"start":{"line":782,"column":28},"end":{"line":782,"column":76}},"340":{"start":{"line":782,"column":64},"end":{"line":782,"column":75}},"341":{"start":{"line":785,"column":21},"end":{"line":785,"column":121}},"342":{"start":{"line":787,"column":4},"end":{"line":806,"column":5}},"343":{"start":{"line":789,"column":6},"end":{"line":793,"column":9}},"344":{"start":{"line":796,"column":6},"end":{"line":805,"column":9}},"345":{"start":{"line":809,"column":4},"end":{"line":819,"column":7}},"346":{"start":{"line":821,"column":4},"end":{"line":821,"column":57}},"347":{"start":{"line":822,"column":4},"end":{"line":832,"column":7}},"348":{"start":{"line":836,"column":0},"end":{"line":851,"column":3}},"349":{"start":{"line":837,"column":2},"end":{"line":850,"column":3}},"350":{"start":{"line":838,"column":19},"end":{"line":838,"column":30}},"351":{"start":{"line":839,"column":25},"end":{"line":839,"column":82}},"352":{"start":{"line":840,"column":30},"end":{"line":840,"column":77}},"353":{"start":{"line":840,"column":53},"end":{"line":840,"column":76}},"354":{"start":{"line":842,"column":4},"end":{"line":844,"column":5}},"355":{"start":{"line":843,"column":6},"end":{"line":843,"column":80}},"356":{"start":{"line":846,"column":4},"end":{"line":846,"column":49}},"357":{"start":{"line":848,"column":4},"end":{"line":848,"column":58}},"358":{"start":{"line":849,"column":4},"end":{"line":849,"column":63}},"359":{"start":{"line":853,"column":0},"end":{"line":869,"column":3}},"360":{"start":{"line":854,"column":2},"end":{"line":868,"column":3}},"361":{"start":{"line":855,"column":19},"end":{"line":855,"column":30}},"362":{"start":{"line":856,"column":25},"end":{"line":856,"column":82}},"363":{"start":{"line":857,"column":30},"end":{"line":857,"column":77}},"364":{"start":{"line":857,"column":53},"end":{"line":857,"column":76}},"365":{"start":{"line":859,"column":4},"end":{"line":861,"column":5}},"366":{"start":{"line":860,"column":6},"end":{"line":860,"column":80}},"367":{"start":{"line":863,"column":4},"end":{"line":863,"column":63}},"368":{"start":{"line":864,"column":4},"end":{"line":864,"column":71}},"369":{"start":{"line":866,"column":4},"end":{"line":866,"column":53}},"370":{"start":{"line":867,"column":4},"end":{"line":867,"column":63}},"371":{"start":{"line":871,"column":0},"end":{"line":917,"column":3}},"372":{"start":{"line":872,"column":2},"end":{"line":916,"column":3}},"373":{"start":{"line":873,"column":19},"end":{"line":873,"column":30}},"374":{"start":{"line":874,"column":25},"end":{"line":874,"column":34}},"375":{"start":{"line":876,"column":25},"end":{"line":876,"column":81}},"376":{"start":{"line":877,"column":24},"end":{"line":877,"column":71}},"377":{"start":{"line":877,"column":47},"end":{"line":877,"column":70}},"378":{"start":{"line":879,"column":4},"end":{"line":881,"column":5}},"379":{"start":{"line":880,"column":6},"end":{"line":880,"column":80}},"380":{"start":{"line":884,"column":4},"end":{"line":888,"column":7}},"381":{"start":{"line":890,"column":21},"end":{"line":890,"column":75}},"382":{"start":{"line":891,"column":21},"end":{"line":897,"column":6}},"383":{"start":{"line":899,"column":19},"end":{"line":910,"column":7}},"384":{"start":{"line":899,"column":53},"end":{"line":910,"column":5}},"385":{"start":{"line":906,"column":43},"end":{"line":906,"column":50}},"386":{"start":{"line":912,"column":4},"end":{"line":912,"column":25}},"387":{"start":{"line":914,"column":4},"end":{"line":914,"column":55}},"388":{"start":{"line":915,"column":4},"end":{"line":915,"column":80}},"389":{"start":{"line":919,"column":0},"end":{"line":968,"column":3}},"390":{"start":{"line":920,"column":2},"end":{"line":967,"column":3}},"391":{"start":{"line":921,"column":19},"end":{"line":921,"column":30}},"392":{"start":{"line":922,"column":22},"end":{"line":922,"column":30}},"393":{"start":{"line":924,"column":25},"end":{"line":924,"column":81}},"394":{"start":{"line":925,"column":24},"end":{"line":925,"column":71}},"395":{"start":{"line":925,"column":47},"end":{"line":925,"column":70}},"396":{"start":{"line":927,"column":4},"end":{"line":929,"column":5}},"397":{"start":{"line":928,"column":6},"end":{"line":928,"column":80}},"398":{"start":{"line":932,"column":4},"end":{"line":936,"column":7}},"399":{"start":{"line":938,"column":21},"end":{"line":938,"column":75}},"400":{"start":{"line":940,"column":24},"end":{"line":953,"column":5}},"401":{"start":{"line":952,"column":48},"end":{"line":952,"column":57}},"402":{"start":{"line":955,"column":21},"end":{"line":958,"column":6}},"403":{"start":{"line":960,"column":4},"end":{"line":963,"column":7}},"404":{"start":{"line":965,"column":4},"end":{"line":965,"column":59}},"405":{"start":{"line":966,"column":4},"end":{"line":966,"column":81}},"406":{"start":{"line":971,"column":0},"end":{"line":981,"column":3}},"407":{"start":{"line":972,"column":2},"end":{"line":980,"column":3}},"408":{"start":{"line":973,"column":19},"end":{"line":973,"column":30}},"409":{"start":{"line":974,"column":29},"end":{"line":974,"column":86}},"410":{"start":{"line":976,"column":4},"end":{"line":976,"column":49}},"411":{"start":{"line":978,"column":4},"end":{"line":978,"column":52}},"412":{"start":{"line":979,"column":4},"end":{"line":979,"column":63}},"413":{"start":{"line":984,"column":0},"end":{"line":1047,"column":3}},"414":{"start":{"line":985,"column":2},"end":{"line":1046,"column":3}},"415":{"start":{"line":986,"column":19},"end":{"line":986,"column":30}},"416":{"start":{"line":987,"column":60},"end":{"line":987,"column":68}},"417":{"start":{"line":989,"column":4},"end":{"line":991,"column":5}},"418":{"start":{"line":990,"column":6},"end":{"line":990,"column":98}},"419":{"start":{"line":994,"column":4},"end":{"line":1012,"column":5}},"420":{"start":{"line":995,"column":23},"end":{"line":1003,"column":8}},"421":{"start":{"line":1005,"column":6},"end":{"line":1007,"column":7}},"422":{"start":{"line":1006,"column":8},"end":{"line":1006,"column":57}},"423":{"start":{"line":1009,"column":6},"end":{"line":1011,"column":9}},"424":{"start":{"line":1015,"column":21},"end":{"line":1015,"column":90}},"425":{"start":{"line":1017,"column":27},"end":{"line":1017,"column":84}},"426":{"start":{"line":1019,"column":4},"end":{"line":1038,"column":5}},"427":{"start":{"line":1021,"column":6},"end":{"line":1025,"column":9}},"428":{"start":{"line":1028,"column":6},"end":{"line":1037,"column":9}},"429":{"start":{"line":1040,"column":4},"end":{"line":1042,"column":7}},"430":{"start":{"line":1044,"column":4},"end":{"line":1044,"column":48}},"431":{"start":{"line":1045,"column":4},"end":{"line":1045,"column":76}},"432":{"start":{"line":1049,"column":0},"end":{"line":1064,"column":3}},"433":{"start":{"line":1050,"column":2},"end":{"line":1063,"column":3}},"434":{"start":{"line":1051,"column":19},"end":{"line":1051,"column":30}},"435":{"start":{"line":1052,"column":25},"end":{"line":1052,"column":82}},"436":{"start":{"line":1053,"column":28},"end":{"line":1053,"column":73}},"437":{"start":{"line":1053,"column":51},"end":{"line":1053,"column":72}},"438":{"start":{"line":1055,"column":4},"end":{"line":1057,"column":5}},"439":{"start":{"line":1056,"column":6},"end":{"line":1056,"column":78}},"440":{"start":{"line":1059,"column":4},"end":{"line":1059,"column":47}},"441":{"start":{"line":1061,"column":4},"end":{"line":1061,"column":56}},"442":{"start":{"line":1062,"column":4},"end":{"line":1062,"column":63}},"443":{"start":{"line":1066,"column":0},"end":{"line":1082,"column":3}},"444":{"start":{"line":1067,"column":2},"end":{"line":1081,"column":3}},"445":{"start":{"line":1068,"column":19},"end":{"line":1068,"column":30}},"446":{"start":{"line":1069,"column":25},"end":{"line":1069,"column":82}},"447":{"start":{"line":1070,"column":28},"end":{"line":1070,"column":73}},"448":{"start":{"line":1070,"column":51},"end":{"line":1070,"column":72}},"449":{"start":{"line":1072,"column":4},"end":{"line":1074,"column":5}},"450":{"start":{"line":1073,"column":6},"end":{"line":1073,"column":78}},"451":{"start":{"line":1076,"column":4},"end":{"line":1076,"column":61}},"452":{"start":{"line":1077,"column":4},"end":{"line":1077,"column":69}},"453":{"start":{"line":1079,"column":4},"end":{"line":1079,"column":51}},"454":{"start":{"line":1080,"column":4},"end":{"line":1080,"column":63}},"455":{"start":{"line":1084,"column":0},"end":{"line":1136,"column":3}},"456":{"start":{"line":1085,"column":2},"end":{"line":1135,"column":3}},"457":{"start":{"line":1086,"column":19},"end":{"line":1086,"column":30}},"458":{"start":{"line":1087,"column":25},"end":{"line":1087,"column":34}},"459":{"start":{"line":1089,"column":25},"end":{"line":1089,"column":81}},"460":{"start":{"line":1090,"column":28},"end":{"line":1090,"column":73}},"461":{"start":{"line":1090,"column":51},"end":{"line":1090,"column":72}},"462":{"start":{"line":1092,"column":4},"end":{"line":1094,"column":5}},"463":{"start":{"line":1093,"column":6},"end":{"line":1093,"column":78}},"464":{"start":{"line":1097,"column":24},"end":{"line":1097,"column":93}},"465":{"start":{"line":1098,"column":33},"end":{"line":1098,"column":55}},"466":{"start":{"line":1101,"column":21},"end":{"line":1124,"column":6}},"467":{"start":{"line":1127,"column":19},"end":{"line":1127,"column":21}},"468":{"start":{"line":1131,"column":4},"end":{"line":1131,"column":25}},"469":{"start":{"line":1133,"column":4},"end":{"line":1133,"column":53}},"470":{"start":{"line":1134,"column":4},"end":{"line":1134,"column":69}},"471":{"start":{"line":1138,"column":0},"end":{"line":1185,"column":3}},"472":{"start":{"line":1139,"column":2},"end":{"line":1184,"column":3}},"473":{"start":{"line":1140,"column":19},"end":{"line":1140,"column":30}},"474":{"start":{"line":1141,"column":22},"end":{"line":1141,"column":30}},"475":{"start":{"line":1143,"column":25},"end":{"line":1143,"column":81}},"476":{"start":{"line":1144,"column":28},"end":{"line":1144,"column":73}},"477":{"start":{"line":1144,"column":51},"end":{"line":1144,"column":72}},"478":{"start":{"line":1146,"column":4},"end":{"line":1148,"column":5}},"479":{"start":{"line":1147,"column":6},"end":{"line":1147,"column":78}},"480":{"start":{"line":1151,"column":24},"end":{"line":1151,"column":93}},"481":{"start":{"line":1152,"column":33},"end":{"line":1152,"column":55}},"482":{"start":{"line":1155,"column":22},"end":{"line":1167,"column":14}},"483":{"start":{"line":1170,"column":4},"end":{"line":1178,"column":7}},"484":{"start":{"line":1180,"column":4},"end":{"line":1180,"column":59}},"485":{"start":{"line":1182,"column":4},"end":{"line":1182,"column":48}},"486":{"start":{"line":1183,"column":4},"end":{"line":1183,"column":79}},"487":{"start":{"line":1192,"column":0},"end":{"line":1279,"column":2}},"488":{"start":{"line":1205,"column":4},"end":{"line":1277,"column":5}},"489":{"start":{"line":1206,"column":21},"end":{"line":1206,"column":42}},"490":{"start":{"line":1207,"column":6},"end":{"line":1209,"column":7}},"491":{"start":{"line":1208,"column":8},"end":{"line":1208,"column":64}},"492":{"start":{"line":1211,"column":99},"end":{"line":1211,"column":107}},"493":{"start":{"line":1212,"column":19},"end":{"line":1212,"column":55}},"494":{"start":{"line":1214,"column":6},"end":{"line":1216,"column":7}},"495":{"start":{"line":1215,"column":8},"end":{"line":1215,"column":67}},"496":{"start":{"line":1219,"column":23},"end":{"line":1229,"column":8}},"497":{"start":{"line":1232,"column":28},"end":{"line":1257,"column":8}},"498":{"start":{"line":1233,"column":22},"end":{"line":1233,"column":45}},"499":{"start":{"line":1234,"column":27},"end":{"line":1234,"column":66}},"500":{"start":{"line":1237,"column":8},"end":{"line":1244,"column":11}},"501":{"start":{"line":1247,"column":8},"end":{"line":1256,"column":9}},"502":{"start":{"line":1248,"column":10},"end":{"line":1253,"column":12}},"503":{"start":{"line":1255,"column":10},"end":{"line":1255,"column":73}},"504":{"start":{"line":1259,"column":6},"end":{"line":1259,"column":39}},"505":{"start":{"line":1262,"column":31},"end":{"line":1262,"column":77}},"506":{"start":{"line":1264,"column":6},"end":{"line":1273,"column":9}},"507":{"start":{"line":1268,"column":58},"end":{"line":1271,"column":11}},"508":{"start":{"line":1275,"column":6},"end":{"line":1275,"column":55}},"509":{"start":{"line":1276,"column":6},"end":{"line":1276,"column":69}},"510":{"start":{"line":1282,"column":0},"end":{"line":1306,"column":3}},"511":{"start":{"line":1283,"column":2},"end":{"line":1305,"column":3}},"512":{"start":{"line":1284,"column":24},"end":{"line":1284,"column":34}},"513":{"start":{"line":1285,"column":22},"end":{"line":1285,"column":70}},"514":{"start":{"line":1288,"column":31},"end":{"line":1299,"column":7}},"515":{"start":{"line":1288,"column":51},"end":{"line":1299,"column":5}},"516":{"start":{"line":1290,"column":39},"end":{"line":1298,"column":7}},"517":{"start":{"line":1301,"column":4},"end":{"line":1301,"column":48}},"518":{"start":{"line":1303,"column":4},"end":{"line":1303,"column":49}},"519":{"start":{"line":1304,"column":4},"end":{"line":1304,"column":65}},"520":{"start":{"line":1309,"column":0},"end":{"line":1385,"column":3}},"521":{"start":{"line":1310,"column":2},"end":{"line":1384,"column":3}},"522":{"start":{"line":1311,"column":32},"end":{"line":1311,"column":41}},"523":{"start":{"line":1313,"column":4},"end":{"line":1315,"column":5}},"524":{"start":{"line":1314,"column":6},"end":{"line":1314,"column":95}},"525":{"start":{"line":1317,"column":4},"end":{"line":1319,"column":5}},"526":{"start":{"line":1318,"column":6},"end":{"line":1318,"column":101}},"527":{"start":{"line":1322,"column":26},"end":{"line":1322,"column":69}},"528":{"start":{"line":1324,"column":4},"end":{"line":1326,"column":5}},"529":{"start":{"line":1325,"column":6},"end":{"line":1325,"column":113}},"530":{"start":{"line":1329,"column":26},"end":{"line":1329,"column":86}},"531":{"start":{"line":1331,"column":4},"end":{"line":1333,"column":5}},"532":{"start":{"line":1332,"column":6},"end":{"line":1332,"column":113}},"533":{"start":{"line":1336,"column":4},"end":{"line":1339,"column":7}},"534":{"start":{"line":1342,"column":4},"end":{"line":1351,"column":5}},"535":{"start":{"line":1343,"column":6},"end":{"line":1348,"column":8}},"536":{"start":{"line":1350,"column":6},"end":{"line":1350,"column":64}},"537":{"start":{"line":1354,"column":25},"end":{"line":1354,"column":113}},"538":{"start":{"line":1355,"column":4},"end":{"line":1380,"column":7}},"539":{"start":{"line":1382,"column":4},"end":{"line":1382,"column":53}},"540":{"start":{"line":1383,"column":4},"end":{"line":1383,"column":89}},"541":{"start":{"line":1388,"column":0},"end":{"line":1442,"column":3}},"542":{"start":{"line":1389,"column":2},"end":{"line":1441,"column":3}},"543":{"start":{"line":1390,"column":61},"end":{"line":1390,"column":69}},"544":{"start":{"line":1392,"column":4},"end":{"line":1394,"column":5}},"545":{"start":{"line":1393,"column":6},"end":{"line":1393,"column":95}},"546":{"start":{"line":1397,"column":26},"end":{"line":1397,"column":69}},"547":{"start":{"line":1399,"column":4},"end":{"line":1401,"column":5}},"548":{"start":{"line":1400,"column":6},"end":{"line":1400,"column":69}},"549":{"start":{"line":1404,"column":26},"end":{"line":1404,"column":86}},"550":{"start":{"line":1406,"column":4},"end":{"line":1408,"column":5}},"551":{"start":{"line":1407,"column":6},"end":{"line":1407,"column":69}},"552":{"start":{"line":1411,"column":4},"end":{"line":1417,"column":7}},"553":{"start":{"line":1420,"column":4},"end":{"line":1429,"column":5}},"554":{"start":{"line":1421,"column":6},"end":{"line":1426,"column":8}},"555":{"start":{"line":1428,"column":6},"end":{"line":1428,"column":64}},"556":{"start":{"line":1431,"column":4},"end":{"line":1437,"column":7}},"557":{"start":{"line":1439,"column":4},"end":{"line":1439,"column":54}},"558":{"start":{"line":1440,"column":4},"end":{"line":1440,"column":77}},"559":{"start":{"line":1445,"column":0},"end":{"line":1482,"column":3}},"560":{"start":{"line":1446,"column":2},"end":{"line":1481,"column":3}},"561":{"start":{"line":1447,"column":22},"end":{"line":1447,"column":32}},"562":{"start":{"line":1450,"column":26},"end":{"line":1450,"column":69}},"563":{"start":{"line":1452,"column":4},"end":{"line":1454,"column":5}},"564":{"start":{"line":1453,"column":6},"end":{"line":1453,"column":69}},"565":{"start":{"line":1457,"column":21},"end":{"line":1457,"column":81}},"566":{"start":{"line":1459,"column":4},"end":{"line":1461,"column":5}},"567":{"start":{"line":1460,"column":6},"end":{"line":1460,"column":69}},"568":{"start":{"line":1463,"column":4},"end":{"line":1477,"column":7}},"569":{"start":{"line":1479,"column":4},"end":{"line":1479,"column":57}},"570":{"start":{"line":1480,"column":4},"end":{"line":1480,"column":64}},"571":{"start":{"line":1485,"column":0},"end":{"line":1516,"column":3}},"572":{"start":{"line":1486,"column":2},"end":{"line":1515,"column":3}},"573":{"start":{"line":1487,"column":19},"end":{"line":1487,"column":29}},"574":{"start":{"line":1488,"column":21},"end":{"line":1488,"column":58}},"575":{"start":{"line":1490,"column":4},"end":{"line":1492,"column":5}},"576":{"start":{"line":1491,"column":6},"end":{"line":1491,"column":69}},"577":{"start":{"line":1495,"column":4},"end":{"line":1497,"column":5}},"578":{"start":{"line":1496,"column":6},"end":{"line":1496,"column":83}},"579":{"start":{"line":1500,"column":31},"end":{"line":1509,"column":7}},"580":{"start":{"line":1500,"column":60},"end":{"line":1509,"column":5}},"581":{"start":{"line":1511,"column":4},"end":{"line":1511,"column":48}},"582":{"start":{"line":1513,"column":4},"end":{"line":1513,"column":49}},"583":{"start":{"line":1514,"column":4},"end":{"line":1514,"column":65}},"584":{"start":{"line":1523,"column":0},"end":{"line":1540,"column":3}},"585":{"start":{"line":1524,"column":2},"end":{"line":1539,"column":3}},"586":{"start":{"line":1525,"column":19},"end":{"line":1525,"column":30}},"587":{"start":{"line":1526,"column":35},"end":{"line":1526,"column":44}},"588":{"start":{"line":1529,"column":4},"end":{"line":1533,"column":5}},"589":{"start":{"line":1530,"column":6},"end":{"line":1530,"column":92}},"590":{"start":{"line":1532,"column":6},"end":{"line":1532,"column":60}},"591":{"start":{"line":1535,"column":4},"end":{"line":1535,"column":25}},"592":{"start":{"line":1537,"column":4},"end":{"line":1537,"column":55}},"593":{"start":{"line":1538,"column":4},"end":{"line":1538,"column":71}},"594":{"start":{"line":1543,"column":0},"end":{"line":1589,"column":3}},"595":{"start":{"line":1544,"column":2},"end":{"line":1588,"column":3}},"596":{"start":{"line":1545,"column":19},"end":{"line":1545,"column":30}},"597":{"start":{"line":1557,"column":8},"end":{"line":1557,"column":16}},"598":{"start":{"line":1559,"column":4},"end":{"line":1561,"column":5}},"599":{"start":{"line":1560,"column":6},"end":{"line":1560,"column":95}},"600":{"start":{"line":1563,"column":18},"end":{"line":1574,"column":6}},"601":{"start":{"line":1577,"column":4},"end":{"line":1579,"column":5}},"602":{"start":{"line":1578,"column":6},"end":{"line":1578,"column":61}},"603":{"start":{"line":1582,"column":26},"end":{"line":1582,"column":67}},"604":{"start":{"line":1584,"column":4},"end":{"line":1584,"column":51}},"605":{"start":{"line":1586,"column":4},"end":{"line":1586,"column":57}},"606":{"start":{"line":1587,"column":4},"end":{"line":1587,"column":73}},"607":{"start":{"line":1592,"column":0},"end":{"line":1616,"column":3}},"608":{"start":{"line":1593,"column":2},"end":{"line":1615,"column":3}},"609":{"start":{"line":1594,"column":19},"end":{"line":1594,"column":29}},"610":{"start":{"line":1595,"column":19},"end":{"line":1595,"column":30}},"611":{"start":{"line":1597,"column":18},"end":{"line":1597,"column":53}},"612":{"start":{"line":1599,"column":4},"end":{"line":1601,"column":5}},"613":{"start":{"line":1600,"column":6},"end":{"line":1600,"column":66}},"614":{"start":{"line":1604,"column":22},"end":{"line":1605,"column":70}},"615":{"start":{"line":1605,"column":49},"end":{"line":1605,"column":69}},"616":{"start":{"line":1607,"column":4},"end":{"line":1609,"column":5}},"617":{"start":{"line":1608,"column":6},"end":{"line":1608,"column":84}},"618":{"start":{"line":1611,"column":4},"end":{"line":1611,"column":24}},"619":{"start":{"line":1613,"column":4},"end":{"line":1613,"column":54}},"620":{"start":{"line":1614,"column":4},"end":{"line":1614,"column":70}},"621":{"start":{"line":1619,"column":0},"end":{"line":1671,"column":3}},"622":{"start":{"line":1620,"column":2},"end":{"line":1670,"column":3}},"623":{"start":{"line":1621,"column":19},"end":{"line":1621,"column":29}},"624":{"start":{"line":1622,"column":19},"end":{"line":1622,"column":30}},"625":{"start":{"line":1624,"column":18},"end":{"line":1624,"column":53}},"626":{"start":{"line":1626,"column":4},"end":{"line":1628,"column":5}},"627":{"start":{"line":1627,"column":6},"end":{"line":1627,"column":66}},"628":{"start":{"line":1631,"column":4},"end":{"line":1633,"column":5}},"629":{"start":{"line":1632,"column":6},"end":{"line":1632,"column":86}},"630":{"start":{"line":1643,"column":8},"end":{"line":1643,"column":16}},"631":{"start":{"line":1645,"column":20},"end":{"line":1645,"column":22}},"632":{"start":{"line":1646,"column":4},"end":{"line":1646,"column":51}},"633":{"start":{"line":1646,"column":29},"end":{"line":1646,"column":51}},"634":{"start":{"line":1647,"column":4},"end":{"line":1647,"column":69}},"635":{"start":{"line":1647,"column":35},"end":{"line":1647,"column":69}},"636":{"start":{"line":1648,"column":4},"end":{"line":1648,"column":63}},"637":{"start":{"line":1648,"column":33},"end":{"line":1648,"column":63}},"638":{"start":{"line":1649,"column":4},"end":{"line":1649,"column":57}},"639":{"start":{"line":1649,"column":31},"end":{"line":1649,"column":57}},"640":{"start":{"line":1650,"column":4},"end":{"line":1650,"column":60}},"641":{"start":{"line":1650,"column":32},"end":{"line":1650,"column":60}},"642":{"start":{"line":1651,"column":4},"end":{"line":1651,"column":63}},"643":{"start":{"line":1651,"column":33},"end":{"line":1651,"column":63}},"644":{"start":{"line":1653,"column":4},"end":{"line":1653,"column":48}},"645":{"start":{"line":1656,"column":4},"end":{"line":1661,"column":5}},"646":{"start":{"line":1657,"column":6},"end":{"line":1657,"column":48}},"647":{"start":{"line":1658,"column":6},"end":{"line":1660,"column":7}},"648":{"start":{"line":1659,"column":8},"end":{"line":1659,"column":57}},"649":{"start":{"line":1664,"column":25},"end":{"line":1664,"column":60}},"650":{"start":{"line":1666,"column":4},"end":{"line":1666,"column":38}},"651":{"start":{"line":1668,"column":4},"end":{"line":1668,"column":57}},"652":{"start":{"line":1669,"column":4},"end":{"line":1669,"column":73}},"653":{"start":{"line":1674,"column":0},"end":{"line":1697,"column":3}},"654":{"start":{"line":1675,"column":2},"end":{"line":1696,"column":3}},"655":{"start":{"line":1676,"column":19},"end":{"line":1676,"column":29}},"656":{"start":{"line":1677,"column":19},"end":{"line":1677,"column":30}},"657":{"start":{"line":1679,"column":18},"end":{"line":1679,"column":53}},"658":{"start":{"line":1681,"column":4},"end":{"line":1683,"column":5}},"659":{"start":{"line":1682,"column":6},"end":{"line":1682,"column":66}},"660":{"start":{"line":1686,"column":4},"end":{"line":1688,"column":5}},"661":{"start":{"line":1687,"column":6},"end":{"line":1687,"column":86}},"662":{"start":{"line":1690,"column":4},"end":{"line":1690,"column":39}},"663":{"start":{"line":1692,"column":4},"end":{"line":1692,"column":56}},"664":{"start":{"line":1694,"column":4},"end":{"line":1694,"column":57}},"665":{"start":{"line":1695,"column":4},"end":{"line":1695,"column":73}},"666":{"start":{"line":1704,"column":0},"end":{"line":1721,"column":3}},"667":{"start":{"line":1705,"column":2},"end":{"line":1720,"column":3}},"668":{"start":{"line":1706,"column":19},"end":{"line":1706,"column":30}},"669":{"start":{"line":1707,"column":35},"end":{"line":1707,"column":44}},"670":{"start":{"line":1710,"column":4},"end":{"line":1714,"column":5}},"671":{"start":{"line":1711,"column":6},"end":{"line":1711,"column":102}},"672":{"start":{"line":1713,"column":6},"end":{"line":1713,"column":70}},"673":{"start":{"line":1716,"column":4},"end":{"line":1716,"column":39}},"674":{"start":{"line":1718,"column":4},"end":{"line":1718,"column":52}},"675":{"start":{"line":1719,"column":4},"end":{"line":1719,"column":68}},"676":{"start":{"line":1724,"column":0},"end":{"line":1765,"column":3}},"677":{"start":{"line":1725,"column":2},"end":{"line":1764,"column":3}},"678":{"start":{"line":1726,"column":19},"end":{"line":1726,"column":30}},"679":{"start":{"line":1735,"column":8},"end":{"line":1735,"column":16}},"680":{"start":{"line":1737,"column":4},"end":{"line":1739,"column":5}},"681":{"start":{"line":1738,"column":6},"end":{"line":1738,"column":87}},"682":{"start":{"line":1741,"column":4},"end":{"line":1743,"column":5}},"683":{"start":{"line":1742,"column":6},"end":{"line":1742,"column":101}},"684":{"start":{"line":1745,"column":4},"end":{"line":1747,"column":5}},"685":{"start":{"line":1746,"column":6},"end":{"line":1746,"column":118}},"686":{"start":{"line":1749,"column":18},"end":{"line":1758,"column":6}},"687":{"start":{"line":1760,"column":4},"end":{"line":1760,"column":50}},"688":{"start":{"line":1762,"column":4},"end":{"line":1762,"column":55}},"689":{"start":{"line":1763,"column":4},"end":{"line":1763,"column":71}},"690":{"start":{"line":1768,"column":0},"end":{"line":1789,"column":3}},"691":{"start":{"line":1769,"column":2},"end":{"line":1788,"column":3}},"692":{"start":{"line":1770,"column":19},"end":{"line":1770,"column":29}},"693":{"start":{"line":1771,"column":19},"end":{"line":1771,"column":30}},"694":{"start":{"line":1773,"column":18},"end":{"line":1773,"column":64}},"695":{"start":{"line":1775,"column":4},"end":{"line":1777,"column":5}},"696":{"start":{"line":1776,"column":6},"end":{"line":1776,"column":79}},"697":{"start":{"line":1780,"column":4},"end":{"line":1782,"column":5}},"698":{"start":{"line":1781,"column":6},"end":{"line":1781,"column":97}},"699":{"start":{"line":1784,"column":4},"end":{"line":1784,"column":38}},"700":{"start":{"line":1786,"column":4},"end":{"line":1786,"column":58}},"701":{"start":{"line":1787,"column":4},"end":{"line":1787,"column":74}},"702":{"start":{"line":1792,"column":0},"end":{"line":1837,"column":3}},"703":{"start":{"line":1793,"column":2},"end":{"line":1836,"column":3}},"704":{"start":{"line":1794,"column":19},"end":{"line":1794,"column":29}},"705":{"start":{"line":1795,"column":19},"end":{"line":1795,"column":30}},"706":{"start":{"line":1797,"column":18},"end":{"line":1797,"column":64}},"707":{"start":{"line":1799,"column":4},"end":{"line":1801,"column":5}},"708":{"start":{"line":1800,"column":6},"end":{"line":1800,"column":79}},"709":{"start":{"line":1804,"column":4},"end":{"line":1806,"column":5}},"710":{"start":{"line":1805,"column":6},"end":{"line":1805,"column":99}},"711":{"start":{"line":1816,"column":8},"end":{"line":1816,"column":16}},"712":{"start":{"line":1818,"column":20},"end":{"line":1818,"column":22}},"713":{"start":{"line":1819,"column":4},"end":{"line":1819,"column":63}},"714":{"start":{"line":1819,"column":33},"end":{"line":1819,"column":63}},"715":{"start":{"line":1820,"column":4},"end":{"line":1820,"column":63}},"716":{"start":{"line":1820,"column":33},"end":{"line":1820,"column":63}},"717":{"start":{"line":1821,"column":4},"end":{"line":1821,"column":57}},"718":{"start":{"line":1821,"column":31},"end":{"line":1821,"column":57}},"719":{"start":{"line":1822,"column":4},"end":{"line":1822,"column":63}},"720":{"start":{"line":1822,"column":33},"end":{"line":1822,"column":63}},"721":{"start":{"line":1823,"column":4},"end":{"line":1823,"column":57}},"722":{"start":{"line":1823,"column":31},"end":{"line":1823,"column":57}},"723":{"start":{"line":1824,"column":4},"end":{"line":1824,"column":69}},"724":{"start":{"line":1824,"column":35},"end":{"line":1824,"column":69}},"725":{"start":{"line":1825,"column":4},"end":{"line":1825,"column":87}},"726":{"start":{"line":1825,"column":41},"end":{"line":1825,"column":87}},"727":{"start":{"line":1827,"column":4},"end":{"line":1827,"column":59}},"728":{"start":{"line":1830,"column":25},"end":{"line":1830,"column":71}},"729":{"start":{"line":1832,"column":4},"end":{"line":1832,"column":45}},"730":{"start":{"line":1834,"column":4},"end":{"line":1834,"column":55}},"731":{"start":{"line":1835,"column":4},"end":{"line":1835,"column":71}},"732":{"start":{"line":1840,"column":0},"end":{"line":1863,"column":3}},"733":{"start":{"line":1841,"column":2},"end":{"line":1862,"column":3}},"734":{"start":{"line":1842,"column":19},"end":{"line":1842,"column":29}},"735":{"start":{"line":1843,"column":19},"end":{"line":1843,"column":30}},"736":{"start":{"line":1845,"column":18},"end":{"line":1845,"column":64}},"737":{"start":{"line":1847,"column":4},"end":{"line":1849,"column":5}},"738":{"start":{"line":1848,"column":6},"end":{"line":1848,"column":79}},"739":{"start":{"line":1852,"column":4},"end":{"line":1854,"column":5}},"740":{"start":{"line":1853,"column":6},"end":{"line":1853,"column":99}},"741":{"start":{"line":1856,"column":4},"end":{"line":1856,"column":50}},"742":{"start":{"line":1858,"column":4},"end":{"line":1858,"column":69}},"743":{"start":{"line":1860,"column":4},"end":{"line":1860,"column":55}},"744":{"start":{"line":1861,"column":4},"end":{"line":1861,"column":77}},"745":{"start":{"line":1867,"column":17},"end":{"line":1867,"column":51}},"746":{"start":{"line":1868,"column":0},"end":{"line":1881,"column":4}},"747":{"start":{"line":1875,"column":6},"end":{"line":1878,"column":7}},"748":{"start":{"line":1877,"column":8},"end":{"line":1877,"column":51}},"749":{"start":{"line":1883,"column":0},"end":{"line":1888,"column":3}},"750":{"start":{"line":1884,"column":2},"end":{"line":1884,"column":48}},"751":{"start":{"line":1885,"column":2},"end":{"line":1885,"column":67}},"752":{"start":{"line":1886,"column":2},"end":{"line":1886,"column":52}},"753":{"start":{"line":1887,"column":2},"end":{"line":1887,"column":56}}},"fnMap":{"0":{"name":"(anonymous_0)","decl":{"start":{"line":54,"column":10},"end":{"line":54,"column":11}},"loc":{"start":{"line":54,"column":24},"end":{"line":60,"column":3}},"line":54},"1":{"name":"(anonymous_1)","decl":{"start":{"line":72,"column":26},"end":{"line":72,"column":27}},"loc":{"start":{"line":72,"column":46},"end":{"line":99,"column":1}},"line":72},"2":{"name":"(anonymous_2)","decl":{"start":{"line":80,"column":32},"end":{"line":80,"column":33}},"loc":{"start":{"line":80,"column":56},"end":{"line":98,"column":3}},"line":80},"3":{"name":"(anonymous_3)","decl":{"start":{"line":102,"column":22},"end":{"line":102,"column":23}},"loc":{"start":{"line":102,"column":42},"end":{"line":117,"column":1}},"line":102},"4":{"name":"(anonymous_4)","decl":{"start":{"line":103,"column":19},"end":{"line":103,"column":20}},"loc":{"start":{"line":103,"column":28},"end":{"line":113,"column":3}},"line":103},"5":{"name":"(anonymous_5)","decl":{"start":{"line":120,"column":29},"end":{"line":120,"column":30}},"loc":{"start":{"line":120,"column":81},"end":{"line":134,"column":1}},"line":120},"6":{"name":"(anonymous_6)","decl":{"start":{"line":150,"column":33},"end":{"line":150,"column":34}},"loc":{"start":{"line":150,"column":53},"end":{"line":155,"column":3}},"line":150},"7":{"name":"(anonymous_7)","decl":{"start":{"line":185,"column":33},"end":{"line":185,"column":34}},"loc":{"start":{"line":185,"column":53},"end":{"line":190,"column":3}},"line":185},"8":{"name":"(anonymous_8)","decl":{"start":{"line":210,"column":64},"end":{"line":210,"column":65}},"loc":{"start":{"line":210,"column":84},"end":{"line":263,"column":1}},"line":210},"9":{"name":"(anonymous_9)","decl":{"start":{"line":265,"column":58},"end":{"line":265,"column":59}},"loc":{"start":{"line":265,"column":78},"end":{"line":306,"column":1}},"line":265},"10":{"name":"(anonymous_10)","decl":{"start":{"line":308,"column":43},"end":{"line":308,"column":44}},"loc":{"start":{"line":308,"column":63},"end":{"line":320,"column":1}},"line":308},"11":{"name":"(anonymous_11)","decl":{"start":{"line":322,"column":48},"end":{"line":322,"column":49}},"loc":{"start":{"line":322,"column":62},"end":{"line":325,"column":1}},"line":322},"12":{"name":"(anonymous_12)","decl":{"start":{"line":328,"column":49},"end":{"line":328,"column":50}},"loc":{"start":{"line":328,"column":69},"end":{"line":340,"column":1}},"line":328},"13":{"name":"(anonymous_13)","decl":{"start":{"line":342,"column":84},"end":{"line":342,"column":85}},"loc":{"start":{"line":342,"column":104},"end":{"line":380,"column":1}},"line":342},"14":{"name":"(anonymous_14)","decl":{"start":{"line":382,"column":89},"end":{"line":382,"column":90}},"loc":{"start":{"line":382,"column":109},"end":{"line":422,"column":1}},"line":382},"15":{"name":"(anonymous_15)","decl":{"start":{"line":424,"column":52},"end":{"line":424,"column":53}},"loc":{"start":{"line":424,"column":72},"end":{"line":440,"column":1}},"line":424},"16":{"name":"(anonymous_16)","decl":{"start":{"line":443,"column":42},"end":{"line":443,"column":43}},"loc":{"start":{"line":443,"column":62},"end":{"line":453,"column":1}},"line":443},"17":{"name":"(anonymous_17)","decl":{"start":{"line":455,"column":73},"end":{"line":455,"column":74}},"loc":{"start":{"line":455,"column":93},"end":{"line":487,"column":1}},"line":455},"18":{"name":"(anonymous_18)","decl":{"start":{"line":489,"column":51},"end":{"line":489,"column":52}},"loc":{"start":{"line":489,"column":71},"end":{"line":509,"column":1}},"line":489},"19":{"name":"(anonymous_19)","decl":{"start":{"line":511,"column":81},"end":{"line":511,"column":82}},"loc":{"start":{"line":511,"column":101},"end":{"line":548,"column":1}},"line":511},"20":{"name":"(anonymous_20)","decl":{"start":{"line":550,"column":54},"end":{"line":550,"column":55}},"loc":{"start":{"line":550,"column":74},"end":{"line":573,"column":1}},"line":550},"21":{"name":"(anonymous_21)","decl":{"start":{"line":576,"column":74},"end":{"line":576,"column":75}},"loc":{"start":{"line":576,"column":94},"end":{"line":634,"column":1}},"line":576},"22":{"name":"(anonymous_22)","decl":{"start":{"line":636,"column":47},"end":{"line":636,"column":48}},"loc":{"start":{"line":636,"column":67},"end":{"line":657,"column":1}},"line":636},"23":{"name":"(anonymous_23)","decl":{"start":{"line":643,"column":53},"end":{"line":643,"column":54}},"loc":{"start":{"line":643,"column":59},"end":{"line":650,"column":5}},"line":643},"24":{"name":"(anonymous_24)","decl":{"start":{"line":659,"column":85},"end":{"line":659,"column":86}},"loc":{"start":{"line":659,"column":105},"end":{"line":695,"column":1}},"line":659},"25":{"name":"(anonymous_25)","decl":{"start":{"line":697,"column":72},"end":{"line":697,"column":73}},"loc":{"start":{"line":697,"column":92},"end":{"line":730,"column":1}},"line":697},"26":{"name":"(anonymous_26)","decl":{"start":{"line":733,"column":23},"end":{"line":733,"column":24}},"loc":{"start":{"line":733,"column":37},"end":{"line":735,"column":1}},"line":733},"27":{"name":"(anonymous_27)","decl":{"start":{"line":750,"column":60},"end":{"line":750,"column":61}},"loc":{"start":{"line":750,"column":74},"end":{"line":764,"column":1}},"line":750},"28":{"name":"(anonymous_28)","decl":{"start":{"line":766,"column":41},"end":{"line":766,"column":42}},"loc":{"start":{"line":766,"column":61},"end":{"line":834,"column":1}},"line":766},"29":{"name":"(anonymous_29)","decl":{"start":{"line":782,"column":57},"end":{"line":782,"column":58}},"loc":{"start":{"line":782,"column":64},"end":{"line":782,"column":75}},"line":782},"30":{"name":"(anonymous_30)","decl":{"start":{"line":836,"column":63},"end":{"line":836,"column":64}},"loc":{"start":{"line":836,"column":83},"end":{"line":851,"column":1}},"line":836},"31":{"name":"(anonymous_31)","decl":{"start":{"line":840,"column":48},"end":{"line":840,"column":49}},"loc":{"start":{"line":840,"column":53},"end":{"line":840,"column":76}},"line":840},"32":{"name":"(anonymous_32)","decl":{"start":{"line":853,"column":63},"end":{"line":853,"column":64}},"loc":{"start":{"line":853,"column":83},"end":{"line":869,"column":1}},"line":853},"33":{"name":"(anonymous_33)","decl":{"start":{"line":857,"column":48},"end":{"line":857,"column":49}},"loc":{"start":{"line":857,"column":53},"end":{"line":857,"column":76}},"line":857},"34":{"name":"(anonymous_34)","decl":{"start":{"line":871,"column":58},"end":{"line":871,"column":59}},"loc":{"start":{"line":871,"column":78},"end":{"line":917,"column":1}},"line":871},"35":{"name":"(anonymous_35)","decl":{"start":{"line":877,"column":42},"end":{"line":877,"column":43}},"loc":{"start":{"line":877,"column":47},"end":{"line":877,"column":70}},"line":877},"36":{"name":"(anonymous_36)","decl":{"start":{"line":899,"column":43},"end":{"line":899,"column":44}},"loc":{"start":{"line":899,"column":53},"end":{"line":910,"column":5}},"line":899},"37":{"name":"(anonymous_37)","decl":{"start":{"line":906,"column":38},"end":{"line":906,"column":39}},"loc":{"start":{"line":906,"column":43},"end":{"line":906,"column":50}},"line":906},"38":{"name":"(anonymous_38)","decl":{"start":{"line":919,"column":57},"end":{"line":919,"column":58}},"loc":{"start":{"line":919,"column":77},"end":{"line":968,"column":1}},"line":919},"39":{"name":"(anonymous_39)","decl":{"start":{"line":925,"column":42},"end":{"line":925,"column":43}},"loc":{"start":{"line":925,"column":47},"end":{"line":925,"column":70}},"line":925},"40":{"name":"(anonymous_40)","decl":{"start":{"line":952,"column":38},"end":{"line":952,"column":39}},"loc":{"start":{"line":952,"column":48},"end":{"line":952,"column":57}},"line":952},"41":{"name":"(anonymous_41)","decl":{"start":{"line":971,"column":57},"end":{"line":971,"column":58}},"loc":{"start":{"line":971,"column":77},"end":{"line":981,"column":1}},"line":971},"42":{"name":"(anonymous_42)","decl":{"start":{"line":984,"column":58},"end":{"line":984,"column":59}},"loc":{"start":{"line":984,"column":78},"end":{"line":1047,"column":1}},"line":984},"43":{"name":"(anonymous_43)","decl":{"start":{"line":1049,"column":61},"end":{"line":1049,"column":62}},"loc":{"start":{"line":1049,"column":81},"end":{"line":1064,"column":1}},"line":1049},"44":{"name":"(anonymous_44)","decl":{"start":{"line":1053,"column":46},"end":{"line":1053,"column":47}},"loc":{"start":{"line":1053,"column":51},"end":{"line":1053,"column":72}},"line":1053},"45":{"name":"(anonymous_45)","decl":{"start":{"line":1066,"column":61},"end":{"line":1066,"column":62}},"loc":{"start":{"line":1066,"column":81},"end":{"line":1082,"column":1}},"line":1066},"46":{"name":"(anonymous_46)","decl":{"start":{"line":1070,"column":46},"end":{"line":1070,"column":47}},"loc":{"start":{"line":1070,"column":51},"end":{"line":1070,"column":72}},"line":1070},"47":{"name":"(anonymous_47)","decl":{"start":{"line":1084,"column":56},"end":{"line":1084,"column":57}},"loc":{"start":{"line":1084,"column":76},"end":{"line":1136,"column":1}},"line":1084},"48":{"name":"(anonymous_48)","decl":{"start":{"line":1090,"column":46},"end":{"line":1090,"column":47}},"loc":{"start":{"line":1090,"column":51},"end":{"line":1090,"column":72}},"line":1090},"49":{"name":"(anonymous_49)","decl":{"start":{"line":1138,"column":55},"end":{"line":1138,"column":56}},"loc":{"start":{"line":1138,"column":75},"end":{"line":1185,"column":1}},"line":1138},"50":{"name":"(anonymous_50)","decl":{"start":{"line":1144,"column":46},"end":{"line":1144,"column":47}},"loc":{"start":{"line":1144,"column":51},"end":{"line":1144,"column":72}},"line":1144},"51":{"name":"(anonymous_51)","decl":{"start":{"line":1204,"column":2},"end":{"line":1204,"column":3}},"loc":{"start":{"line":1204,"column":22},"end":{"line":1278,"column":3}},"line":1204},"52":{"name":"(anonymous_52)","decl":{"start":{"line":1232,"column":45},"end":{"line":1232,"column":46}},"loc":{"start":{"line":1232,"column":68},"end":{"line":1257,"column":7}},"line":1232},"53":{"name":"(anonymous_53)","decl":{"start":{"line":1268,"column":52},"end":{"line":1268,"column":53}},"loc":{"start":{"line":1268,"column":58},"end":{"line":1271,"column":11}},"line":1268},"54":{"name":"(anonymous_54)","decl":{"start":{"line":1282,"column":63},"end":{"line":1282,"column":64}},"loc":{"start":{"line":1282,"column":83},"end":{"line":1306,"column":1}},"line":1282},"55":{"name":"(anonymous_55)","decl":{"start":{"line":1288,"column":45},"end":{"line":1288,"column":46}},"loc":{"start":{"line":1288,"column":51},"end":{"line":1299,"column":5}},"line":1288},"56":{"name":"(anonymous_56)","decl":{"start":{"line":1290,"column":33},"end":{"line":1290,"column":34}},"loc":{"start":{"line":1290,"column":39},"end":{"line":1298,"column":7}},"line":1290},"57":{"name":"(anonymous_57)","decl":{"start":{"line":1309,"column":33},"end":{"line":1309,"column":34}},"loc":{"start":{"line":1309,"column":53},"end":{"line":1385,"column":1}},"line":1309},"58":{"name":"(anonymous_58)","decl":{"start":{"line":1388,"column":44},"end":{"line":1388,"column":45}},"loc":{"start":{"line":1388,"column":64},"end":{"line":1442,"column":1}},"line":1388},"59":{"name":"(anonymous_59)","decl":{"start":{"line":1445,"column":50},"end":{"line":1445,"column":51}},"loc":{"start":{"line":1445,"column":70},"end":{"line":1482,"column":1}},"line":1445},"60":{"name":"(anonymous_60)","decl":{"start":{"line":1485,"column":68},"end":{"line":1485,"column":69}},"loc":{"start":{"line":1485,"column":88},"end":{"line":1516,"column":1}},"line":1485},"61":{"name":"(anonymous_61)","decl":{"start":{"line":1500,"column":54},"end":{"line":1500,"column":55}},"loc":{"start":{"line":1500,"column":60},"end":{"line":1509,"column":5}},"line":1500},"62":{"name":"(anonymous_62)","decl":{"start":{"line":1523,"column":51},"end":{"line":1523,"column":52}},"loc":{"start":{"line":1523,"column":71},"end":{"line":1540,"column":1}},"line":1523},"63":{"name":"(anonymous_63)","decl":{"start":{"line":1543,"column":52},"end":{"line":1543,"column":53}},"loc":{"start":{"line":1543,"column":72},"end":{"line":1589,"column":1}},"line":1543},"64":{"name":"(anonymous_64)","decl":{"start":{"line":1592,"column":55},"end":{"line":1592,"column":56}},"loc":{"start":{"line":1592,"column":75},"end":{"line":1616,"column":1}},"line":1592},"65":{"name":"(anonymous_65)","decl":{"start":{"line":1605,"column":44},"end":{"line":1605,"column":45}},"loc":{"start":{"line":1605,"column":49},"end":{"line":1605,"column":69}},"line":1605},"66":{"name":"(anonymous_66)","decl":{"start":{"line":1619,"column":55},"end":{"line":1619,"column":56}},"loc":{"start":{"line":1619,"column":75},"end":{"line":1671,"column":1}},"line":1619},"67":{"name":"(anonymous_67)","decl":{"start":{"line":1674,"column":58},"end":{"line":1674,"column":59}},"loc":{"start":{"line":1674,"column":78},"end":{"line":1697,"column":1}},"line":1674},"68":{"name":"(anonymous_68)","decl":{"start":{"line":1704,"column":48},"end":{"line":1704,"column":49}},"loc":{"start":{"line":1704,"column":68},"end":{"line":1721,"column":1}},"line":1704},"69":{"name":"(anonymous_69)","decl":{"start":{"line":1724,"column":49},"end":{"line":1724,"column":50}},"loc":{"start":{"line":1724,"column":69},"end":{"line":1765,"column":1}},"line":1724},"70":{"name":"(anonymous_70)","decl":{"start":{"line":1768,"column":52},"end":{"line":1768,"column":53}},"loc":{"start":{"line":1768,"column":72},"end":{"line":1789,"column":1}},"line":1768},"71":{"name":"(anonymous_71)","decl":{"start":{"line":1792,"column":52},"end":{"line":1792,"column":53}},"loc":{"start":{"line":1792,"column":72},"end":{"line":1837,"column":1}},"line":1792},"72":{"name":"(anonymous_72)","decl":{"start":{"line":1840,"column":55},"end":{"line":1840,"column":56}},"loc":{"start":{"line":1840,"column":75},"end":{"line":1863,"column":1}},"line":1840},"73":{"name":"(anonymous_73)","decl":{"start":{"line":1873,"column":16},"end":{"line":1873,"column":17}},"loc":{"start":{"line":1873,"column":31},"end":{"line":1879,"column":5}},"line":1873},"74":{"name":"(anonymous_74)","decl":{"start":{"line":1883,"column":17},"end":{"line":1883,"column":18}},"loc":{"start":{"line":1883,"column":23},"end":{"line":1888,"column":1}},"line":1883}},"branchMap":{"0":{"loc":{"start":{"line":26,"column":13},"end":{"line":26,"column":37}},"type":"binary-expr","locations":[{"start":{"line":26,"column":13},"end":{"line":26,"column":29}},{"start":{"line":26,"column":33},"end":{"line":26,"column":37}}],"line":26},"1":{"loc":{"start":{"line":27,"column":19},"end":{"line":27,"column":83}},"type":"binary-expr","locations":[{"start":{"line":27,"column":19},"end":{"line":27,"column":41}},{"start":{"line":27,"column":45},"end":{"line":27,"column":83}}],"line":27},"2":{"loc":{"start":{"line":55,"column":4},"end":{"line":57,"column":5}},"type":"if","locations":[{"start":{"line":55,"column":4},"end":{"line":57,"column":5}},{"start":{},"end":{}}],"line":55},"3":{"loc":{"start":{"line":74,"column":16},"end":{"line":74,"column":54}},"type":"binary-expr","locations":[{"start":{"line":74,"column":16},"end":{"line":74,"column":26}},{"start":{"line":74,"column":30},"end":{"line":74,"column":54}}],"line":74},"4":{"loc":{"start":{"line":76,"column":2},"end":{"line":78,"column":3}},"type":"if","locations":[{"start":{"line":76,"column":2},"end":{"line":78,"column":3}},{"start":{},"end":{}}],"line":76},"5":{"loc":{"start":{"line":81,"column":4},"end":{"line":83,"column":5}},"type":"if","locations":[{"start":{"line":81,"column":4},"end":{"line":83,"column":5}},{"start":{},"end":{}}],"line":81},"6":{"loc":{"start":{"line":88,"column":6},"end":{"line":90,"column":7}},"type":"if","locations":[{"start":{"line":88,"column":6},"end":{"line":90,"column":7}},{"start":{},"end":{}}],"line":88},"7":{"loc":{"start":{"line":104,"column":4},"end":{"line":106,"column":5}},"type":"if","locations":[{"start":{"line":104,"column":4},"end":{"line":106,"column":5}},{"start":{},"end":{}}],"line":104},"8":{"loc":{"start":{"line":107,"column":4},"end":{"line":111,"column":5}},"type":"if","locations":[{"start":{"line":107,"column":4},"end":{"line":111,"column":5}},{"start":{},"end":{}}],"line":107},"9":{"loc":{"start":{"line":107,"column":8},"end":{"line":107,"column":47}},"type":"binary-expr","locations":[{"start":{"line":107,"column":8},"end":{"line":107,"column":31}},{"start":{"line":107,"column":35},"end":{"line":107,"column":47}}],"line":107},"10":{"loc":{"start":{"line":120,"column":53},"end":{"line":120,"column":76}},"type":"default-arg","locations":[{"start":{"line":120,"column":68},"end":{"line":120,"column":76}}],"line":120},"11":{"loc":{"start":{"line":123,"column":4},"end":{"line":123,"column":28}},"type":"if","locations":[{"start":{"line":123,"column":4},"end":{"line":123,"column":28}},{"start":{},"end":{}}],"line":123},"12":{"loc":{"start":{"line":126,"column":21},"end":{"line":126,"column":45}},"type":"binary-expr","locations":[{"start":{"line":126,"column":21},"end":{"line":126,"column":40}},{"start":{"line":126,"column":44},"end":{"line":126,"column":45}}],"line":126},"13":{"loc":{"start":{"line":127,"column":21},"end":{"line":127,"column":53}},"type":"binary-expr","locations":[{"start":{"line":127,"column":21},"end":{"line":127,"column":48}},{"start":{"line":127,"column":52},"end":{"line":127,"column":53}}],"line":127},"14":{"loc":{"start":{"line":151,"column":4},"end":{"line":153,"column":5}},"type":"if","locations":[{"start":{"line":151,"column":4},"end":{"line":153,"column":5}},{"start":{},"end":{}}],"line":151},"15":{"loc":{"start":{"line":186,"column":4},"end":{"line":188,"column":5}},"type":"if","locations":[{"start":{"line":186,"column":4},"end":{"line":188,"column":5}},{"start":{},"end":{}}],"line":186},"16":{"loc":{"start":{"line":213,"column":4},"end":{"line":218,"column":5}},"type":"if","locations":[{"start":{"line":213,"column":4},"end":{"line":218,"column":5}},{"start":{},"end":{}}],"line":213},"17":{"loc":{"start":{"line":224,"column":4},"end":{"line":226,"column":5}},"type":"if","locations":[{"start":{"line":224,"column":4},"end":{"line":226,"column":5}},{"start":{},"end":{}}],"line":224},"18":{"loc":{"start":{"line":268,"column":4},"end":{"line":273,"column":5}},"type":"if","locations":[{"start":{"line":268,"column":4},"end":{"line":273,"column":5}},{"start":{},"end":{}}],"line":268},"19":{"loc":{"start":{"line":279,"column":4},"end":{"line":281,"column":5}},"type":"if","locations":[{"start":{"line":279,"column":4},"end":{"line":281,"column":5}},{"start":{},"end":{}}],"line":279},"20":{"loc":{"start":{"line":285,"column":4},"end":{"line":287,"column":5}},"type":"if","locations":[{"start":{"line":285,"column":4},"end":{"line":287,"column":5}},{"start":{},"end":{}}],"line":285},"21":{"loc":{"start":{"line":311,"column":4},"end":{"line":313,"column":5}},"type":"if","locations":[{"start":{"line":311,"column":4},"end":{"line":313,"column":5}},{"start":{},"end":{}}],"line":311},"22":{"loc":{"start":{"line":331,"column":4},"end":{"line":333,"column":5}},"type":"if","locations":[{"start":{"line":331,"column":4},"end":{"line":333,"column":5}},{"start":{},"end":{}}],"line":331},"23":{"loc":{"start":{"line":345,"column":4},"end":{"line":350,"column":5}},"type":"if","locations":[{"start":{"line":345,"column":4},"end":{"line":350,"column":5}},{"start":{},"end":{}}],"line":345},"24":{"loc":{"start":{"line":356,"column":4},"end":{"line":361,"column":5}},"type":"if","locations":[{"start":{"line":356,"column":4},"end":{"line":361,"column":5}},{"start":{},"end":{}}],"line":356},"25":{"loc":{"start":{"line":358,"column":6},"end":{"line":360,"column":7}},"type":"if","locations":[{"start":{"line":358,"column":6},"end":{"line":360,"column":7}},{"start":{},"end":{}}],"line":358},"26":{"loc":{"start":{"line":358,"column":10},"end":{"line":358,"column":52}},"type":"binary-expr","locations":[{"start":{"line":358,"column":10},"end":{"line":358,"column":22}},{"start":{"line":358,"column":26},"end":{"line":358,"column":52}}],"line":358},"27":{"loc":{"start":{"line":365,"column":4},"end":{"line":365,"column":34}},"type":"if","locations":[{"start":{"line":365,"column":4},"end":{"line":365,"column":34}},{"start":{},"end":{}}],"line":365},"28":{"loc":{"start":{"line":366,"column":4},"end":{"line":366,"column":37}},"type":"if","locations":[{"start":{"line":366,"column":4},"end":{"line":366,"column":37}},{"start":{},"end":{}}],"line":366},"29":{"loc":{"start":{"line":367,"column":4},"end":{"line":367,"column":55}},"type":"if","locations":[{"start":{"line":367,"column":4},"end":{"line":367,"column":55}},{"start":{},"end":{}}],"line":367},"30":{"loc":{"start":{"line":385,"column":4},"end":{"line":390,"column":5}},"type":"if","locations":[{"start":{"line":385,"column":4},"end":{"line":390,"column":5}},{"start":{},"end":{}}],"line":385},"31":{"loc":{"start":{"line":397,"column":4},"end":{"line":399,"column":5}},"type":"if","locations":[{"start":{"line":397,"column":4},"end":{"line":399,"column":5}},{"start":{},"end":{}}],"line":397},"32":{"loc":{"start":{"line":406,"column":4},"end":{"line":408,"column":5}},"type":"if","locations":[{"start":{"line":406,"column":4},"end":{"line":408,"column":5}},{"start":{},"end":{}}],"line":406},"33":{"loc":{"start":{"line":431,"column":4},"end":{"line":433,"column":5}},"type":"if","locations":[{"start":{"line":431,"column":4},"end":{"line":433,"column":5}},{"start":{},"end":{}}],"line":431},"34":{"loc":{"start":{"line":458,"column":4},"end":{"line":463,"column":5}},"type":"if","locations":[{"start":{"line":458,"column":4},"end":{"line":463,"column":5}},{"start":{},"end":{}}],"line":458},"35":{"loc":{"start":{"line":465,"column":31},"end":{"line":465,"column":47}},"type":"default-arg","locations":[{"start":{"line":465,"column":38},"end":{"line":465,"column":47}}],"line":465},"36":{"loc":{"start":{"line":471,"column":19},"end":{"line":471,"column":36}},"type":"binary-expr","locations":[{"start":{"line":471,"column":19},"end":{"line":471,"column":30}},{"start":{"line":471,"column":34},"end":{"line":471,"column":36}}],"line":471},"37":{"loc":{"start":{"line":495,"column":4},"end":{"line":497,"column":5}},"type":"if","locations":[{"start":{"line":495,"column":4},"end":{"line":497,"column":5}},{"start":{},"end":{}}],"line":495},"38":{"loc":{"start":{"line":500,"column":4},"end":{"line":502,"column":5}},"type":"if","locations":[{"start":{"line":500,"column":4},"end":{"line":502,"column":5}},{"start":{},"end":{}}],"line":500},"39":{"loc":{"start":{"line":514,"column":4},"end":{"line":519,"column":5}},"type":"if","locations":[{"start":{"line":514,"column":4},"end":{"line":519,"column":5}},{"start":{},"end":{}}],"line":514},"40":{"loc":{"start":{"line":527,"column":4},"end":{"line":529,"column":5}},"type":"if","locations":[{"start":{"line":527,"column":4},"end":{"line":529,"column":5}},{"start":{},"end":{}}],"line":527},"41":{"loc":{"start":{"line":533,"column":4},"end":{"line":533,"column":34}},"type":"if","locations":[{"start":{"line":533,"column":4},"end":{"line":533,"column":34}},{"start":{},"end":{}}],"line":533},"42":{"loc":{"start":{"line":534,"column":4},"end":{"line":534,"column":69}},"type":"if","locations":[{"start":{"line":534,"column":4},"end":{"line":534,"column":69}},{"start":{},"end":{}}],"line":534},"43":{"loc":{"start":{"line":535,"column":4},"end":{"line":535,"column":34}},"type":"if","locations":[{"start":{"line":535,"column":4},"end":{"line":535,"column":34}},{"start":{},"end":{}}],"line":535},"44":{"loc":{"start":{"line":557,"column":4},"end":{"line":559,"column":5}},"type":"if","locations":[{"start":{"line":557,"column":4},"end":{"line":559,"column":5}},{"start":{},"end":{}}],"line":557},"45":{"loc":{"start":{"line":564,"column":4},"end":{"line":566,"column":5}},"type":"if","locations":[{"start":{"line":564,"column":4},"end":{"line":566,"column":5}},{"start":{},"end":{}}],"line":564},"46":{"loc":{"start":{"line":582,"column":4},"end":{"line":584,"column":5}},"type":"if","locations":[{"start":{"line":582,"column":4},"end":{"line":584,"column":5}},{"start":{},"end":{}}],"line":582},"47":{"loc":{"start":{"line":588,"column":4},"end":{"line":590,"column":5}},"type":"if","locations":[{"start":{"line":588,"column":4},"end":{"line":590,"column":5}},{"start":{},"end":{}}],"line":588},"48":{"loc":{"start":{"line":594,"column":4},"end":{"line":596,"column":5}},"type":"if","locations":[{"start":{"line":594,"column":4},"end":{"line":596,"column":5}},{"start":{},"end":{}}],"line":594},"49":{"loc":{"start":{"line":600,"column":4},"end":{"line":602,"column":5}},"type":"if","locations":[{"start":{"line":600,"column":4},"end":{"line":602,"column":5}},{"start":{},"end":{}}],"line":600},"50":{"loc":{"start":{"line":606,"column":4},"end":{"line":608,"column":5}},"type":"if","locations":[{"start":{"line":606,"column":4},"end":{"line":608,"column":5}},{"start":{},"end":{}}],"line":606},"51":{"loc":{"start":{"line":665,"column":4},"end":{"line":667,"column":5}},"type":"if","locations":[{"start":{"line":665,"column":4},"end":{"line":667,"column":5}},{"start":{},"end":{}}],"line":665},"52":{"loc":{"start":{"line":670,"column":4},"end":{"line":672,"column":5}},"type":"if","locations":[{"start":{"line":670,"column":4},"end":{"line":672,"column":5}},{"start":{},"end":{}}],"line":670},"53":{"loc":{"start":{"line":670,"column":8},"end":{"line":670,"column":53}},"type":"binary-expr","locations":[{"start":{"line":670,"column":8},"end":{"line":670,"column":19}},{"start":{"line":670,"column":23},"end":{"line":670,"column":53}}],"line":670},"54":{"loc":{"start":{"line":674,"column":4},"end":{"line":676,"column":5}},"type":"if","locations":[{"start":{"line":674,"column":4},"end":{"line":676,"column":5}},{"start":{},"end":{}}],"line":674},"55":{"loc":{"start":{"line":679,"column":22},"end":{"line":679,"column":67}},"type":"cond-expr","locations":[{"start":{"line":679,"column":44},"end":{"line":679,"column":54}},{"start":{"li
[...]
rt":{"line":53,"column":26},"end":{"line":53,"column":27}},"loc":{"start":{"line":53,"column":45},"end":{"line":57,"column":7}},"line":53},"3":{"name":"getEventsByUserId","decl":{"start":{"line":80,"column":15},"end":{"line":80,"column":32}},"loc":{"start":{"line":80,"column":55},"end":{"line":131,"column":1}},"line":80},"4":{"name":"getEventById","decl":{"start":{"line":138,"column":15},"end":{"line":138,"column":27}},"loc":{"start":{"line":138,"column":37},"end":{"line":161,"column":1}},"line":138},"5":{"name":"getEventAttendees","decl":{"start":{"line":168,"column":15},"end":{"line":168,"column":32}},"loc":{"start":{"line":168,"column":42},"end":{"line":178,"column":1}},"line":168},"6":{"name":"(anonymous_6)","decl":{"start":{"line":177,"column":25},"end":{"line":177,"column":26}},"loc":{"start":{"line":177,"column":34},"end":{"line":177,"column":44}},"line":177},"7":{"name":"updateEvent","decl":{"start":{"line":186,"column":15},"end":{"line":186,"column":26}},"loc":{"start":{"line":186,"column":45},"end":{"line":243,"column":1}},"line":186},"8":{"name":"(anonymous_8)","decl":{"start":{"line":215,"column":31},"end":{"line":215,"column":32}},"loc":{"start":{"line":215,"column":40},"end":{"line":222,"column":3}},"line":215},"9":{"name":"deleteEvent","decl":{"start":{"line":250,"column":15},"end":{"line":250,"column":26}},"loc":{"start":{"line":250,"column":36},"end":{"line":258,"column":1}},"line":250},"10":{"name":"addAttendee","decl":{"start":{"line":266,"column":15},"end":{"line":266,"column":26}},"loc":{"start":{"line":266,"column":44},"end":{"line":275,"column":1}},"line":266},"11":{"name":"removeAttendee","decl":{"start":{"line":283,"column":15},"end":{"line":283,"column":29}},"loc":{"start":{"line":283,"column":47},"end":{"line":291,"column":1}},"line":283}},"branchMap":{"0":{"loc":{"start":{"line":14,"column":38},"end":{"line":14,"column":54}},"type":"default-arg","locations":[{"start":{"line":14,"column":52},"end":{"line":14,"column":54}}],"line":14},"1":{"loc":{"start":{"line":32,"column":6},"end":{"line":32,"column":35}},"type":"binary-expr","locations":[{"start":{"line":32,"column":6},"end":{"line":32,"column":27}},{"start":{"line":32,"column":31},"end":{"line":32,"column":35}}],"line":32},"2":{"loc":{"start":{"line":36,"column":6},"end":{"line":36,"column":34}},"type":"binary-expr","locations":[{"start":{"line":36,"column":6},"end":{"line":36,"column":20}},{"start":{"line":36,"column":24},"end":{"line":36,"column":34}}],"line":36},"3":{"loc":{"start":{"line":37,"column":6},"end":{"line":37,"column":31}},"type":"binary-expr","locations":[{"start":{"line":37,"column":6},"end":{"line":37,"column":23}},{"start":{"line":37,"column":27},"end":{"line":37,"column":31}}],"line":37},"4":{"loc":{"start":{"line":38,"column":6},"end":{"line":38,"column":32}},"type":"binary-expr","locations":[{"start":{"line":38,"column":6},"end":{"line":38,"column":24}},{"start":{"line":38,"column":28},"end":{"line":38,"column":32}}],"line":38},"5":{"loc":{"start":{"line":39,"column":6},"end":{"line":39,"column":36}},"type":"binary-expr","locations":[{"start":{"line":39,"column":6},"end":{"line":39,"column":27}},{"start":{"line":39,"column":31},"end":{"line":39,"column":36}}],"line":39},"6":{"loc":{"start":{"line":40,"column":6},"end":{"line":40,"column":84}},"type":"cond-expr","locations":[{"start":{"line":40,"column":35},"end":{"line":40,"column":77}},{"start":{"line":40,"column":80},"end":{"line":40,"column":84}}],"line":40},"7":{"loc":{"start":{"line":41,"column":6},"end":{"line":41,"column":37}},"type":"binary-expr","locations":[{"start":{"line":41,"column":6},"end":{"line":41,"column":22}},{"start":{"line":41,"column":26},"end":{"line":41,"column":37}}],"line":41},"8":{"loc":{"start":{"line":49,"column":4},"end":{"line":66,"column":5}},"type":"if","locations":[{"start":{"line":49,"column":4},"end":{"line":66,"column":5}},{"start":{},"end":{}}],"line":49},"9":{"loc":{"start":{"line":80,"column":41},"end":{"line":80,"column":53}},"type":"default-arg","locations":[{"start":{"line":80,"column":51},"end":{"line":80,"column":53}}],"line":80},"10":{"loc":{"start":{"line":97,"column":2},"end":{"line":101,"column":3}},"type":"if","locations":[{"start":{"line":97,"column":2},"end":{"line":101,"column":3}},{"start":{},"end":{}}],"line":97},"11":{"loc":{"start":{"line":103,"column":2},"end":{"line":107,"column":3}},"type":"if","locations":[{"start":{"line":103,"column":2},"end":{"line":107,"column":3}},{"start":{},"end":{}}],"line":103},"12":{"loc":{"start":{"line":109,"column":2},"end":{"line":113,"column":3}},"type":"if","locations":[{"start":{"line":109,"column":2},"end":{"line":113,"column":3}},{"start":{},"end":{}}],"line":109},"13":{"loc":{"start":{"line":115,"column":2},"end":{"line":119,"column":3}},"type":"if","locations":[{"start":{"line":115,"column":2},"end":{"line":119,"column":3}},{"start":{},"end":{}}],"line":115},"14":{"loc":{"start":{"line":153,"column":2},"end":{"line":155,"column":3}},"type":"if","locations":[{"start":{"line":153,"column":2},"end":{"line":155,"column":3}},{"start":{},"end":{}}],"line":153},"15":{"loc":{"start":{"line":217,"column":4},"end":{"line":221,"column":5}},"type":"if","locations":[{"start":{"line":217,"column":4},"end":{"line":221,"column":5}},{"start":{},"end":{}}],"line":217},"16":{"loc":{"start":{"line":217,"column":8},"end":{"line":217,"column":50}},"type":"binary-expr","locations":[{"start":{"line":217,"column":8},"end":{"line":217,"column":15}},{"start":{"line":217,"column":19},"end":{"line":217,"column":50}}],"line":217},"17":{"loc":{"start":{"line":224,"column":2},"end":{"line":226,"column":3}},"type":"if","locations":[{"start":{"line":224,"column":2},"end":{"line":226,"column":3}},{"start":{},"end":{}}],"line":224}},"s":{"0":1,"1":9,"2":9,"3":9,"4":9,"5":9,"6":9,"7":0,"8":0,"9":0,"10":0,"11":0,"12":0,"13":0,"14":0,"15":9,"16":9,"17":1,"18":1,"19":1,"20":1,"21":0,"22":0,"23":0,"24":1,"25":0,"26":0,"27":0,"28":1,"29":0,"30":0,"31":0,"32":1,"33":0,"34":0,"35":0,"36":1,"37":1,"38":1,"39":4,"40":1,"41":3,"42":3,"43":3,"44":2,"45":1,"46":1,"47":1,"48":5,"49":5,"50":5,"51":0,"52":1,"53":1,"54":1,"55":1,"56":1,"57":1,"58":2,"59":2,"60":2,"61":2,"62":2,"63":1,"64":0,"65":1,"66":1,"67":1,"68":1,"69":1,"70":1,"71":1,"72":0,"73":0,"74":0,"75":0,"76":0,"77":0,"78":1},"f":{"0":9,"1":9,"2":0,"3":1,"4":3,"5":5,"6":0,"7":1,"8":2,"9":1,"10":0,"11":0},"b":{"0":[9],"1":[9,8],"2":[9,8],"3":[9,8],"4":[9,8],"5":[9,8],"6":[0,9],"7":[9,9],"8":[0,9],"9":[1],"10":[0,1],"11":[0,1],"12":[0,1],"13":[0,1],"14":[2,1],"15":[2,0],"16":[2,2],"17":[0,1]},"_coverageSchema":"1a1c01bbd47fc00a2c39e90264f33305004495a9","hash":"54d9f623b6439749409bfeffe7ece368e5366d33"}
,"/home/alfred/Documents/Code/BlueMoonSchedulingProgram-main/BlueMoonSchedulingProgram-main/server/repositories/userRepository.js": {"path":"/home/alfred/Documents/Code/BlueMoonSchedulingProgram-main/BlueMoonSchedulingProgram-main/server/repositories/userRepository.js","statementMap":{"0":{"start":{"line":6,"column":11},"end":{"line":6,"column":27}},"1":{"start":{"line":14,"column":16},"end":{"line":18,"column":3}},"2":{"start":{"line":20,"column":17},"end":{"line":26,"column":3}},"3":{"start":{"line":28,"column":17},"end":{"line":28,"column":46}},"4":{"start":{"line":29,"column":2},"end":{"line":29,"column":24}},"5":{"start":{"line":39,"column":17},"end":{"line":41,"column":121}},"6":{"start":{"line":43,"column":16},"end":{"line":47,"column":3}},"7":{"start":{"line":49,"column":17},"end":{"line":49,"column":47}},"8":{"start":{"line":50,"column":2},"end":{"line":50,"column":32}},"9":{"start":{"line":59,"column":16},"end":{"line":63,"column":3}},"10":{"start":{"line":65,"column":17},"end":{"line":65,"column":48}},"11":{"start":{"line":66,"column":2},"end":{"line":66,"column":32}},"12":{"start":{"line":76,"column":24},"end":{"line":76,"column":62}},"13":{"start":{"line":77,"column":22},"end":{"line":77,"column":24}},"14":{"start":{"line":78,"column":17},"end":{"line":78,"column":19}},"15":{"start":{"line":79,"column":19},"end":{"line":79,"column":20}},"16":{"start":{"line":82,"column":19},"end":{"line":86,"column":3}},"17":{"start":{"line":88,"column":2},"end":{"line":95,"column":5}},"18":{"start":{"line":89,"column":4},"end":{"line":94,"column":5}},"19":{"start":{"line":90,"column":22},"end":{"line":90,"column":35}},"20":{"start":{"line":91,"column":6},"end":{"line":91,"column":54}},"21":{"start":{"line":92,"column":6},"end":{"line":92,"column":32}},"22":{"start":{"line":93,"column":6},"end":{"line":93,"column":19}},"23":{"start":{"line":97,"column":2},"end":{"line":99,"column":3}},"24":{"start":{"line":98,"column":4},"end":{"line":98,"column":49}},"25":{"start":{"line":101,"column":2},"end":{"line":101,"column":22}},"26":{"start":{"line":103,"column":16},"end":{"line":108,"column":3}},"27":{"start":{"line":110,"column":17},"end":{"line":110,"column":46}},"28":{"start":{"line":111,"column":2},"end":{"line":111,"column":24}},"29":{"start":{"line":121,"column":16},"end":{"line":125,"column":3}},"30":{"start":{"line":127,"column":17},"end":{"line":127,"column":64}},"31":{"start":{"line":128,"column":2},"end":{"line":128,"column":29}},"32":{"start":{"line":137,"column":16},"end":{"line":141,"column":3}},"33":{"start":{"line":143,"column":17},"end":{"line":143,"column":48}},"34":{"start":{"line":144,"column":2},"end":{"line":144,"column":29}},"35":{"start":{"line":153,"column":16},"end":{"line":155,"column":3}},"36":{"start":{"line":157,"column":17},"end":{"line":157,"column":47}},"37":{"start":{"line":158,"column":2},"end":{"line":158,"column":31}},"38":{"start":{"line":168,"column":16},"end":{"line":174,"column":3}},"39":{"start":{"line":176,"column":17},"end":{"line":176,"column":66}},"40":{"start":{"line":177,"column":2},"end":{"line":177,"column":21}},"41":{"start":{"line":180,"column":0},"end":{"line":189,"column":2}}},"fnMap":{"0":{"name":"createUser","decl":{"start":{"line":13,"column":15},"end":{"line":13,"column":25}},"loc":{"start":{"line":13,"column":79},"end":{"line":30,"column":1}},"line":13},"1":{"name":"findByEmail","decl":{"start":{"line":38,"column":15},"end":{"line":38,"column":26}},"loc":{"start":{"line":38,"column":59},"end":{"line":51,"column":1}},"line":38},"2":{"name":"findById","decl":{"start":{"line":58,"column":15},"end":{"line":58,"column":23}},"loc":{"start":{"line":58,"column":32},"end":{"line":67,"column":1}},"line":58},"3":{"name":"updateProfile","decl":{"start":{"line":75,"column":15},"end":{"line":75,"column":28}},"loc":{"start":{"line":75,"column":46},"end":{"line":112,"column":1}},"line":75},"4":{"name":"(anonymous_4)","decl":{"start":{"line":88,"column":31},"end":{"line":88,"column":32}},"loc":{"start":{"line":88,"column":40},"end":{"line":95,"column":3}},"line":88},"5":{"name":"updatePassword","decl":{"start":{"line":120,"column":15},"end":{"line":120,"column":29}},"loc":{"start":{"line":120,"column":54},"end":{"line":129,"column":1}},"line":120},"6":{"name":"softDeleteUser","decl":{"start":{"line":136,"column":15},"end":{"line":136,"column":29}},"loc":{"start":{"line":136,"column":38},"end":{"line":145,"column":1}},"line":136},"7":{"name":"emailExists","decl":{"start":{"line":152,"column":15},"end":{"line":152,"column":26}},"loc":{"start":{"line":152,"column":34},"end":{"line":159,"column":1}},"line":152},"8":{"name":"searchUsers","decl":{"start":{"line":167,"column":15},"end":{"line":167,"column":26}},"loc":{"start":{"line":167,"column":51},"end":{"line":178,"column":1}},"line":167}},"branchMap":{"0":{"loc":{"start":{"line":24,"column":4},"end":{"line":24,"column":23}},"type":"binary-expr","locations":[{"start":{"line":24,"column":4},"end":{"line":24,"column":15}},{"start":{"line":24,"column":19},"end":{"line":24,"column":23}}],"line":24},"1":{"loc":{"start":{"line":25,"column":4},"end":{"line":25,"column":21}},"type":"binary-expr","locations":[{"start":{"line":25,"column":4},"end":{"line":25,"column":15}},{"start":{"line":25,"column":19},"end":{"line":25,"column":21}}],"line":25},"2":{"loc":{"start":{"line":38,"column":34},"end":{"line":38,"column":57}},"type":"default-arg","locations":[{"start":{"line":38,"column":52},"end":{"line":38,"column":57}}],"line":38},"3":{"loc":{"start":{"line":39,"column":17},"end":{"line":41,"column":121}},"type":"cond-expr","locations":[{"start":{"line":40,"column":6},"end":{"line":40,"column":131}},{"start":{"line":41,"column":6},"end":{"line":41,"column":121}}],"line":39},"4":{"loc":{"start":{"line":50,"column":9},"end":{"line":50,"column":31}},"type":"binary-expr","locations":[{"start":{"line":50,"column":9},"end":{"line":50,"column":23}},{"start":{"line":50,"column":27},"end":{"line":50,"column":31}}],"line":50},"5":{"loc":{"start":{"line":66,"column":9},"end":{"line":66,"column":31}},"type":"binary-expr","locations":[{"start":{"line":66,"column":9},"end":{"line":66,"column":23}},{"start":{"line":66,"column":27},"end":{"line":66,"column":31}}],"line":66},"6":{"loc":{"start":{"line":89,"column":4},"end":{"line":94,"column":5}},"type":"if","locations":[{"start":{"line":89,"column":4},"end":{"line":94,"column":5}},{"start":{},"end":{}}],"line":89},"7":{"loc":{"start":{"line":97,"column":2},"end":{"line":99,"column":3}},"type":"if","locations":[{"start":{"line":97,"column":2},"end":{"line":99,"column":3}},{"start":{},"end":{}}],"line":97},"8":{"loc":{"start":{"line":167,"column":39},"end":{"line":167,"column":49}},"type":"default-arg","locations":[{"start":{"line":167,"column":47},"end":{"line":167,"column":49}}],"line":167}},"s":{"0":5,"1":27,"2":27,"3":27,"4":26,"5":4,"6":4,"7":4,"8":4,"9":3,"10":3,"11":3,"12":1,"13":1,"14":1,"15":1,"16":1,"17":1,"18":2,"19":2,"20":2,"21":2,"22":2,"23":1,"24":0,"25":1,"26":1,"27":1,"28":1,"29":1,"30":1,"31":1,"32":1,"33":1,"34":1,"35":0,"36":0,"37":0,"38":0,"39":0,"40":0,"41":5},"f":{"0":27,"1":4,"2":3,"3":1,"4":2,"5":1,"6":1,"7":0,"8":0},"b":{"0":[27,26],"1":[27,26],"2":[2],"3":[2,2],"4":[4,1],"5":[3,2],"6":[2,0],"7":[0,1],"8":[0]},"_coverageSchema":"1a1c01bbd47fc00a2c39e90264f33305004495a9","hash":"8e46e4173638f9e234268014060bf2263d78089b"}
,"/home/alfred/Documents/Code/BlueMoonSchedulingProgram-main/BlueMoonSchedulingProgram-main/server/utils/encryption.js": {"path":"/home/alfred/Documents/Code/BlueMoonSchedulingProgram-main/BlueMoonSchedulingProgram-main/server/utils/encryption.js","statementMap":{"0":{"start":{"line":6,"column":15},"end":{"line":6,"column":32}},"1":{"start":{"line":9,"column":23},"end":{"line":9,"column":49}},"2":{"start":{"line":10,"column":18},"end":{"line":10,"column":31}},"3":{"start":{"line":11,"column":18},"end":{"line":11,"column":20}},"4":{"start":{"line":12,"column":19},"end":{"line":12,"column":21}},"5":{"start":{"line":14,"column":0},"end":{"line":17,"column":1}},"6":{"start":{"line":15,"column":2},"end":{"line":15,"column":101}},"7":{"start":{"line":16,"column":2},"end":{"line":16,"column":106}},"8":{"start":{"line":21,"column":2},"end":{"line":24,"column":3}},"9":{"start":{"line":23,"column":4},"end":{"line":23,"column":66}},"10":{"start":{"line":26,"column":14},"end":{"line":26,"column":51}},"11":{"start":{"line":27,"column":2},"end":{"line":29,"column":3}},"12":{"start":{"line":28,"column":4},"end":{"line":28,"column":72}},"13":{"start":{"line":30,"column":2},"end":{"line":30,"column":13}},"14":{"start":{"line":39,"column":2},"end":{"line":41,"column":3}},"15":{"start":{"line":40,"column":4},"end":{"line":40,"column":16}},"16":{"start":{"line":43,"column":2},"end":{"line":57,"column":3}},"17":{"start":{"line":44,"column":15},"end":{"line":44,"column":44}},"18":{"start":{"line":45,"column":19},"end":{"line":45,"column":65}},"19":{"start":{"line":47,"column":20},"end":{"line":47,"column":57}},"20":{"start":{"line":48,"column":4},"end":{"line":48,"column":40}},"21":{"start":{"line":50,"column":16},"end":{"line":50,"column":35}},"22":{"start":{"line":53,"column":4},"end":{"line":53,"column":77}},"23":{"start":{"line":55,"column":4},"end":{"line":55,"column":46}},"24":{"start":{"line":56,"column":4},"end":{"line":56,"column":46}},"25":{"start":{"line":66,"column":2},"end":{"line":68,"column":3}},"26":{"start":{"line":67,"column":4},"end":{"line":67,"column":16}},"27":{"start":{"line":70,"column":2},"end":{"line":90,"column":3}},"28":{"start":{"line":71,"column":18},"end":{"line":71,"column":42}},"29":{"start":{"line":72,"column":4},"end":{"line":74,"column":5}},"30":{"start":{"line":73,"column":6},"end":{"line":73,"column":55}},"31":{"start":{"line":76,"column":15},"end":{"line":76,"column":46}},"32":{"start":{"line":77,"column":22},"end":{"line":77,"column":30}},"33":{"start":{"line":78,"column":16},"end":{"line":78,"column":47}},"34":{"start":{"line":80,"column":21},"end":{"line":80,"column":69}},"35":{"start":{"line":81,"column":4},"end":{"line":81,"column":29}},"36":{"start":{"line":83,"column":20},"end":{"line":83,"column":64}},"37":{"start":{"line":84,"column":4},"end":{"line":84,"column":40}},"38":{"start":{"line":86,"column":4},"end":{"line":86,"column":21}},"39":{"start":{"line":88,"column":4},"end":{"line":88,"column":46}},"40":{"start":{"line":89,"column":4},"end":{"line":89,"column":46}},"41":{"start":{"line":99,"column":2},"end":{"line":99,"column":51}},"42":{"start":{"line":107,"column":2},"end":{"line":107,"column":51}},"43":{"start":{"line":110,"column":0},"end":{"line":115,"column":2}}},"fnMap":{"0":{"name":"getKey","decl":{"start":{"line":20,"column":9},"end":{"line":20,"column":15}},"loc":{"start":{"line":20,"column":18},"end":{"line":31,"column":1}},"line":20},"1":{"name":"encrypt","decl":{"start":{"line":38,"column":9},"end":{"line":38,"column":16}},"loc":{"start":{"line":38,"column":23},"end":{"line":58,"column":1}},"line":38},"2":{"name":"decrypt","decl":{"start":{"line":65,"column":9},"end":{"line":65,"column":16}},"loc":{"start":{"line":65,"column":32},"end":{"line":91,"column":1}},"line":65},"3":{"name":"generateToken","decl":{"start":{"line":98,"column":9},"end":{"line":98,"column":22}},"loc":{"start":{"line":98,"column":35},"end":{"line":100,"column":1}},"line":98},"4":{"name":"generateEncryptionKey","decl":{"start":{"line":106,"column":9},"end":{"line":106,"column":30}},"loc":{"start":{"line":106,"column":33},"end":{"line":108,"column":1}},"line":106}},"branchMap":{"0":{"loc":{"start":{"line":14,"column":0},"end":{"line":17,"column":1}},"type":"if","locations":[{"start":{"line":14,"column":0},"end":{"line":17,"column":1}},{"start":{},"end":{}}],"line":14},"1":{"loc":{"start":{"line":21,"column":2},"end":{"line":24,"column":3}},"type":"if","locations":[{"start":{"line":21,"column":2},"end":{"line":24,"column":3}},{"start":{},"end":{}}],"line":21},"2":{"loc":{"start":{"line":27,"column":2},"end":{"line":29,"column":3}},"type":"if","locations":[{"start":{"line":27,"column":2},"end":{"line":29,"column":3}},{"start":{},"end":{}}],"line":27},"3":{"loc":{"start":{"line":39,"column":2},"end":{"line":41,"column":3}},"type":"if","locations":[{"start":{"line":39,"column":2},"end":{"line":41,"column":3}},{"start":{},"end":{}}],"line":39},"4":{"loc":{"start":{"line":66,"column":2},"end":{"line":68,"column":3}},"type":"if","locations":[{"start":{"line":66,"column":2},"end":{"line":68,"column":3}},{"start":{},"end":{}}],"line":66},"5":{"loc":{"start":{"line":72,"column":4},"end":{"line":74,"column":5}},"type":"if","locations":[{"start":{"line":72,"column":4},"end":{"line":74,"column":5}},{"start":{},"end":{}}],"line":72},"6":{"loc":{"start":{"line":98,"column":23},"end":{"line":98,"column":33}},"type":"default-arg","locations":[{"start":{"line":98,"column":31},"end":{"line":98,"column":33}}],"line":98}},"s":{"0":0,"1":0,"2":0,"3":0,"4":0,"5":0,"6":0,"7":0,"8":0,"9":0,"10":0,"11":0,"12":0,"13":0,"14":0,"15":0,"16":0,"17":0,"18":0,"19":0,"20":0,"21":0,"22":0,"23":0,"24":0,"25":0,"26":0,"27":0,"28":0,"29":0,"30":0,"31":0,"32":0,"33":0,"34":0,"35":0,"36":0,"37":0,"38":0,"39":0,"40":0,"41":0,"42":0,"43":0},"f":{"0":0,"1":0,"2":0,"3":0,"4":0},"b":{"0":[0,0],"1":[0,0],"2":[0,0],"3":[0,0],"4":[0,0],"5":[0,0],"6":[0]}}
}
