TN:
SF:index.js
FN:54,(anonymous_0)
FN:72,(anonymous_1)
FN:80,(anonymous_2)
FN:102,(anonymous_3)
FN:103,(anonymous_4)
FN:120,(anonymous_5)
FN:150,(anonymous_6)
FN:185,(anonymous_7)
FN:210,(anonymous_8)
FN:265,(anonymous_9)
FN:308,(anonymous_10)
FN:322,(anonymous_11)
FN:328,(anonymous_12)
FN:342,(anonymous_13)
FN:382,(anonymous_14)
FN:424,(anonymous_15)
FN:443,(anonymous_16)
FN:455,(anonymous_17)
FN:489,(anonymous_18)
FN:511,(anonymous_19)
FN:550,(anonymous_20)
FN:576,(anonymous_21)
FN:636,(anonymous_22)
FN:643,(anonymous_23)
FN:659,(anonymous_24)
FN:697,(anonymous_25)
FN:733,(anonymous_26)
FN:750,(anonymous_27)
FN:766,(anonymous_28)
FN:782,(anonymous_29)
FN:836,(anonymous_30)
FN:840,(anonymous_31)
FN:853,(anonymous_32)
FN:857,(anonymous_33)
FN:871,(anonymous_34)
FN:877,(anonymous_35)
FN:899,(anonymous_36)
FN:906,(anonymous_37)
FN:919,(anonymous_38)
FN:925,(anonymous_39)
FN:952,(anonymous_40)
FN:971,(anonymous_41)
FN:984,(anonymous_42)
FN:1049,(anonymous_43)
FN:1053,(anonymous_44)
FN:1066,(anonymous_45)
FN:1070,(anonymous_46)
FN:1084,(anonymous_47)
FN:1090,(anonymous_48)
FN:1138,(anonymous_49)
FN:1144,(anonymous_50)
FN:1204,(anonymous_51)
FN:1232,(anonymous_52)
FN:1268,(anonymous_53)
FN:1282,(anonymous_54)
FN:1288,(anonymous_55)
FN:1290,(anonymous_56)
FN:1309,(anonymous_57)
FN:1388,(anonymous_58)
FN:1445,(anonymous_59)
FN:1485,(anonymous_60)
FN:1500,(anonymous_61)
FN:1523,(anonymous_62)
FN:1543,(anonymous_63)
FN:1592,(anonymous_64)
FN:1605,(anonymous_65)
FN:1619,(anonymous_66)
FN:1674,(anonymous_67)
FN:1704,(anonymous_68)
FN:1724,(anonymous_69)
FN:1768,(anonymous_70)
FN:1792,(anonymous_71)
FN:1840,(anonymous_72)
FN:1873,(anonymous_73)
FN:1883,(anonymous_74)
FNF:75
FNH:0
FNDA:0,(anonymous_0)
FNDA:0,(anonymous_1)
FNDA:0,(anonymous_2)
FNDA:0,(anonymous_3)
FNDA:0,(anonymous_4)
FNDA:0,(anonymous_5)
FNDA:0,(anonymous_6)
FNDA:0,(anonymous_7)
FNDA:0,(anonymous_8)
FNDA:0,(anonymous_9)
FNDA:0,(anonymous_10)
FNDA:0,(anonymous_11)
FNDA:0,(anonymous_12)
FNDA:0,(anonymous_13)
FNDA:0,(anonymous_14)
FNDA:0,(anonymous_15)
FNDA:0,(anonymous_16)
FNDA:0,(anonymous_17)
FNDA:0,(anonymous_18)
FNDA:0,(anonymous_19)
FNDA:0,(anonymous_20)
FNDA:0,(anonymous_21)
FNDA:0,(anonymous_22)
FNDA:0,(anonymous_23)
FNDA:0,(anonymous_24)
FNDA:0,(anonymous_25)
FNDA:0,(anonymous_26)
FNDA:0,(anonymous_27)
FNDA:0,(anonymous_28)
FNDA:0,(anonymous_29)
FNDA:0,(anonymous_30)
FNDA:0,(anonymous_31)
FNDA:0,(anonymous_32)
FNDA:0,(anonymous_33)
FNDA:0,(anonymous_34)
FNDA:0,(anonymous_35)
FNDA:0,(anonymous_36)
FNDA:0,(anonymous_37)
FNDA:0,(anonymous_38)
FNDA:0,(anonymous_39)
FNDA:0,(anonymous_40)
FNDA:0,(anonymous_41)
FNDA:0,(anonymous_42)
FNDA:0,(anonymous_43)
FNDA:0,(anonymous_44)
FNDA:0,(anonymous_45)
FNDA:0,(anonymous_46)
FNDA:0,(anonymous_47)
FNDA:0,(anonymous_48)
FNDA:0,(anonymous_49)
FNDA:0,(anonymous_50)
FNDA:0,(anonymous_51)
FNDA:0,(anonymous_52)
FNDA:0,(anonymous_53)
FNDA:0,(anonymous_54)
FNDA:0,(anonymous_55)
FNDA:0,(anonymous_56)
FNDA:0,(anonymous_57)
FNDA:0,(anonymous_58)
FNDA:0,(anonymous_59)
FNDA:0,(anonymous_60)
FNDA:0,(anonymous_61)
FNDA:0,(anonymous_62)
FNDA:0,(anonymous_63)
FNDA:0,(anonymous_64)
FNDA:0,(anonymous_65)
FNDA:0,(anonymous_66)
FNDA:0,(anonymous_67)
FNDA:0,(anonymous_68)
FNDA:0,(anonymous_69)
FNDA:0,(anonymous_70)
FNDA:0,(anonymous_71)
FNDA:0,(anonymous_72)
FNDA:0,(anonymous_73)
FNDA:0,(anonymous_74)
DA:1,0
DA:2,0
DA:3,0
DA:4,0
DA:5,0
DA:6,0
DA:7,0
DA:8,0
DA:9,0
DA:10,0
DA:11,0
DA:12,0
DA:13,0
DA:16,0
DA:17,0
DA:18,0
DA:19,0
DA:20,0
DA:21,0
DA:22,0
DA:23,0
DA:25,0
DA:26,0
DA:27,0
DA:30,0
DA:38,0
DA:48,0
DA:55,0
DA:56,0
DA:59,0
DA:63,0
DA:64,0
DA:65,0
DA:66,0
DA:72,0
DA:73,0
DA:74,0
DA:76,0
DA:77,0
DA:80,0
DA:81,0
DA:82,0
DA:85,0
DA:87,0
DA:88,0
DA:89,0
DA:92,0
DA:93,0
DA:95,0
DA:96,0
DA:102,0
DA:103,0
DA:104,0
DA:105,0
DA:107,0
DA:108,0
DA:109,0
DA:112,0
DA:115,0
DA:116,0
DA:120,0
DA:121,0
DA:122,0
DA:123,0
DA:125,0
DA:126,0
DA:127,0
DA:129,0
DA:131,0
DA:132,0
DA:137,0
DA:151,0
DA:152,0
DA:154,0
DA:158,0
DA:163,0
DA:178,0
DA:186,0
DA:187,0
DA:189,0
DA:193,0
DA:210,0
DA:211,0
DA:212,0
DA:213,0
DA:214,0
DA:220,0
DA:223,0
DA:224,0
DA:225,0
DA:229,0
DA:230,0
DA:233,0
DA:248,0
DA:255,0
DA:260,0
DA:261,0
DA:265,0
DA:266,0
DA:267,0
DA:268,0
DA:269,0
DA:275,0
DA:278,0
DA:279,0
DA:280,0
DA:284,0
DA:285,0
DA:286,0
DA:290,0
DA:297,0
DA:298,0
DA:303,0
DA:304,0
DA:308,0
DA:309,0
DA:310,0
DA:311,0
DA:312,0
DA:315,0
DA:317,0
DA:318,0
DA:322,0
DA:324,0
DA:328,0
DA:329,0
DA:330,0
DA:331,0
DA:332,0
DA:335,0
DA:337,0
DA:338,0
DA:342,0
DA:343,0
DA:344,0
DA:345,0
DA:346,0
DA:352,0
DA:353,0
DA:356,0
DA:357,0
DA:358,0
DA:359,0
DA:364,0
DA:365,0
DA:366,0
DA:367,0
DA:370,0
DA:372,0
DA:377,0
DA:378,0
DA:382,0
DA:383,0
DA:384,0
DA:385,0
DA:386,0
DA:392,0
DA:393,0
DA:396,0
DA:397,0
DA:398,0
DA:402,0
DA:405,0
DA:406,0
DA:407,0
DA:411,0
DA:412,0
DA:415,0
DA:417,0
DA:419,0
DA:420,0
DA:424,0
DA:425,0
DA:426,0
DA:429,0
DA:431,0
DA:432,0
DA:435,0
DA:437,0
DA:438,0
DA:443,0
DA:444,0
DA:445,0
DA:446,0
DA:448,0
DA:450,0
DA:451,0
DA:455,0
DA:456,0
DA:457,0
DA:458,0
DA:459,0
DA:465,0
DA:466,0
DA:469,0
DA:475,0
DA:484,0
DA:485,0
DA:489,0
DA:490,0
DA:491,0
DA:492,0
DA:494,0
DA:495,0
DA:496,0
DA:500,0
DA:501,0
DA:504,0
DA:506,0
DA:507,0
DA:511,0
DA:512,0
DA:513,0
DA:514,0
DA:515,0
DA:521,0
DA:522,0
DA:523,0
DA:526,0
DA:527,0
DA:528,0
DA:532,0
DA:533,0
DA:534,0
DA:535,0
DA:538,0
DA:540,0
DA:545,0
DA:546,0
DA:550,0
DA:551,0
DA:552,0
DA:553,0
DA:556,0
DA:557,0
DA:558,0
DA:562,0
DA:564,0
DA:565,0
DA:568,0
DA:570,0
DA:571,0
DA:576,0
DA:577,0
DA:578,0
DA:579,0
DA:580,0
DA:582,0
DA:583,0
DA:587,0
DA:588,0
DA:589,0
DA:593,0
DA:594,0
DA:595,0
DA:599,0
DA:600,0
DA:601,0
DA:605,0
DA:606,0
DA:607,0
DA:611,0
DA:618,0
DA:619,0
DA:621,0
DA:631,0
DA:632,0
DA:636,0
DA:637,0
DA:638,0
DA:640,0
DA:643,0
DA:652,0
DA:654,0
DA:655,0
DA:659,0
DA:660,0
DA:661,0
DA:662,0
DA:663,0
DA:665,0
DA:666,0
DA:669,0
DA:670,0
DA:671,0
DA:674,0
DA:675,0
DA:679,0
DA:680,0
DA:682,0
DA:684,0
DA:687,0
DA:692,0
DA:693,0
DA:697,0
DA:698,0
DA:699,0
DA:700,0
DA:703,0
DA:704,0
DA:705,0
DA:709,0
DA:710,0
DA:711,0
DA:715,0
DA:718,0
DA:719,0
DA:723,0
DA:725,0
DA:727,0
DA:728,0
DA:733,0
DA:734,0
DA:738,0
DA:744,0
DA:750,0
DA:751,0
DA:752,0
DA:759,0
DA:761,0
DA:762,0
DA:766,0
DA:767,0
DA:768,0
DA:769,0
DA:771,0
DA:772,0
DA:776,0
DA:777,0
DA:780,0
DA:781,0
DA:782,0
DA:785,0
DA:787,0
DA:789,0
DA:796,0
DA:809,0
DA:821,0
DA:822,0
DA:836,0
DA:837,0
DA:838,0
DA:839,0
DA:840,0
DA:842,0
DA:843,0
DA:846,0
DA:848,0
DA:849,0
DA:853,0
DA:854,0
DA:855,0
DA:856,0
DA:857,0
DA:859,0
DA:860,0
DA:863,0
DA:864,0
DA:866,0
DA:867,0
DA:871,0
DA:872,0
DA:873,0
DA:874,0
DA:876,0
DA:877,0
DA:879,0
DA:880,0
DA:884,0
DA:890,0
DA:891,0
DA:899,0
DA:906,0
DA:912,0
DA:914,0
DA:915,0
DA:919,0
DA:920,0
DA:921,0
DA:922,0
DA:924,0
DA:925,0
DA:927,0
DA:928,0
DA:932,0
DA:938,0
DA:940,0
DA:952,0
DA:955,0
DA:960,0
DA:965,0
DA:966,0
DA:971,0
DA:972,0
DA:973,0
DA:974,0
DA:976,0
DA:978,0
DA:979,0
DA:984,0
DA:985,0
DA:986,0
DA:987,0
DA:989,0
DA:990,0
DA:994,0
DA:995,0
DA:1005,0
DA:1006,0
DA:1009,0
DA:1015,0
DA:1017,0
DA:1019,0
DA:1021,0
DA:1028,0
DA:1040,0
DA:1044,0
DA:1045,0
DA:1049,0
DA:1050,0
DA:1051,0
DA:1052,0
DA:1053,0
DA:1055,0
DA:1056,0
DA:1059,0
DA:1061,0
DA:1062,0
DA:1066,0
DA:1067,0
DA:1068,0
DA:1069,0
DA:1070,0
DA:1072,0
DA:1073,0
DA:1076,0
DA:1077,0
DA:1079,0
DA:1080,0
DA:1084,0
DA:1085,0
DA:1086,0
DA:1087,0
DA:1089,0
DA:1090,0
DA:1092,0
DA:1093,0
DA:1097,0
DA:1098,0
DA:1101,0
DA:1127,0
DA:1131,0
DA:1133,0
DA:1134,0
DA:1138,0
DA:1139,0
DA:1140,0
DA:1141,0
DA:1143,0
DA:1144,0
DA:1146,0
DA:1147,0
DA:1151,0
DA:1152,0
DA:1155,0
DA:1170,0
DA:1180,0
DA:1182,0
DA:1183,0
DA:1192,0
DA:1205,0
DA:1206,0
DA:1207,0
DA:1208,0
DA:1211,0
DA:1212,0
DA:1214,0
DA:1215,0
DA:1219,0
DA:1232,0
DA:1233,0
DA:1234,0
DA:1237,0
DA:1247,0
DA:1248,0
DA:1255,0
DA:1259,0
DA:1262,0
DA:1264,0
DA:1268,0
DA:1275,0
DA:1276,0
DA:1282,0
DA:1283,0
DA:1284,0
DA:1285,0
DA:1288,0
DA:1290,0
DA:1301,0
DA:1303,0
DA:1304,0
DA:1309,0
DA:1310,0
DA:1311,0
DA:1313,0
DA:1314,0
DA:1317,0
DA:1318,0
DA:1322,0
DA:1324,0
DA:1325,0
DA:1329,0
DA:1331,0
DA:1332,0
DA:1336,0
DA:1342,0
DA:1343,0
DA:1350,0
DA:1354,0
DA:1355,0
DA:1382,0
DA:1383,0
DA:1388,0
DA:1389,0
DA:1390,0
DA:1392,0
DA:1393,0
DA:1397,0
DA:1399,0
DA:1400,0
DA:1404,0
DA:1406,0
DA:1407,0
DA:1411,0
DA:1420,0
DA:1421,0
DA:1428,0
DA:1431,0
DA:1439,0
DA:1440,0
DA:1445,0
DA:1446,0
DA:1447,0
DA:1450,0
DA:1452,0
DA:1453,0
DA:1457,0
DA:1459,0
DA:1460,0
DA:1463,0
DA:1479,0
DA:1480,0
DA:1485,0
DA:1486,0
DA:1487,0
DA:1488,0
DA:1490,0
DA:1491,0
DA:1495,0
DA:1496,0
DA:1500,0
DA:1511,0
DA:1513,0
DA:1514,0
DA:1523,0
DA:1524,0
DA:1525,0
DA:1526,0
DA:1529,0
DA:1530,0
DA:1532,0
DA:1535,0
DA:1537,0
DA:1538,0
DA:1543,0
DA:1544,0
DA:1545,0
DA:1557,0
DA:1559,0
DA:1560,0
DA:1563,0
DA:1577,0
DA:1578,0
DA:1582,0
DA:1584,0
DA:1586,0
DA:1587,0
DA:1592,0
DA:1593,0
DA:1594,0
DA:1595,0
DA:1597,0
DA:1599,0
DA:1600,0
DA:1604,0
DA:1605,0
DA:1607,0
DA:1608,0
DA:1611,0
DA:1613,0
DA:1614,0
DA:1619,0
DA:1620,0
DA:1621,0
DA:1622,0
DA:1624,0
DA:1626,0
DA:1627,0
DA:1631,0
DA:1632,0
DA:1643,0
DA:1645,0
DA:1646,0
DA:1647,0
DA:1648,0
DA:1649,0
DA:1650,0
DA:1651,0
DA:1653,0
DA:1656,0
DA:1657,0
DA:1658,0
DA:1659,0
DA:1664,0
DA:1666,0
DA:1668,0
DA:1669,0
DA:1674,0
DA:1675,0
DA:1676,0
DA:1677,0
DA:1679,0
DA:1681,0
DA:1682,0
DA:1686,0
DA:1687,0
DA:1690,0
DA:1692,0
DA:1694,0
DA:1695,0
DA:1704,0
DA:1705,0
DA:1706,0
DA:1707,0
DA:1710,0
DA:1711,0
DA:1713,0
DA:1716,0
DA:1718,0
DA:1719,0
DA:1724,0
DA:1725,0
DA:1726,0
DA:1735,0
DA:1737,0
DA:1738,0
DA:1741,0
DA:1742,0
DA:1745,0
DA:1746,0
DA:1749,0
DA:1760,0
DA:1762,0
DA:1763,0
DA:1768,0
DA:1769,0
DA:1770,0
DA:1771,0
DA:1773,0
DA:1775,0
DA:1776,0
DA:1780,0
DA:1781,0
DA:1784,0
DA:1786,0
DA:1787,0
DA:1792,0
DA:1793,0
DA:1794,0
DA:1795,0
DA:1797,0
DA:1799,0
DA:1800,0
DA:1804,0
DA:1805,0
DA:1816,0
DA:1818,0
DA:1819,0
DA:1820,0
DA:1821,0
DA:1822,0
DA:1823,0
DA:1824,0
DA:1825,0
DA:1827,0
DA:1830,0
DA:1832,0
DA:1834,0
DA:1835,0
DA:1840,0
DA:1841,0
DA:1842,0
DA:1843,0
DA:1845,0
DA:1847,0
DA:1848,0
DA:1852,0
DA:1853,0
DA:1856,0
DA:1858,0
DA:1860,0
DA:1861,0
DA:1867,0
DA:1868,0
DA:1875,0
DA:1877,0
DA:1883,0
DA:1884,0
DA:1885,0
DA:1886,0
DA:1887,0
LF:721
LH:0
BRDA:26,0,0,0
BRDA:26,0,1,0
BRDA:27,1,0,0
BRDA:27,1,1,0
BRDA:55,2,0,0
BRDA:55,2,1,0
BRDA:74,3,0,0
BRDA:74,3,1,0
BRDA:76,4,0,0
BRDA:76,4,1,0
BRDA:81,5,0,0
BRDA:81,5,1,0
BRDA:88,6,0,0
BRDA:88,6,1,0
BRDA:104,7,0,0
BRDA:104,7,1,0
BRDA:107,8,0,0
BRDA:107,8,1,0
BRDA:107,9,0,0
BRDA:107,9,1,0
BRDA:120,10,0,0
BRDA:123,11,0,0
BRDA:123,11,1,0
BRDA:126,12,0,0
BRDA:126,12,1,0
BRDA:127,13,0,0
BRDA:127,13,1,0
BRDA:151,14,0,0
BRDA:151,14,1,0
BRDA:186,15,0,0
BRDA:186,15,1,0
BRDA:213,16,0,0
BRDA:213,16,1,0
BRDA:224,17,0,0
BRDA:224,17,1,0
BRDA:268,18,0,0
BRDA:268,18,1,0
BRDA:279,19,0,0
BRDA:279,19,1,0
BRDA:285,20,0,0
BRDA:285,20,1,0
BRDA:311,21,0,0
BRDA:311,21,1,0
BRDA:331,22,0,0
BRDA:331,22,1,0
BRDA:345,23,0,0
BRDA:345,23,1,0
BRDA:356,24,0,0
BRDA:356,24,1,0
BRDA:358,25,0,0
BRDA:358,25,1,0
BRDA:358,26,0,0
BRDA:358,26,1,0
BRDA:365,27,0,0
BRDA:365,27,1,0
BRDA:366,28,0,0
BRDA:366,28,1,0
BRDA:367,29,0,0
BRDA:367,29,1,0
BRDA:385,30,0,0
BRDA:385,30,1,0
BRDA:397,31,0,0
BRDA:397,31,1,0
BRDA:406,32,0,0
BRDA:406,32,1,0
BRDA:431,33,0,0
BRDA:431,33,1,0
BRDA:458,34,0,0
BRDA:458,34,1,0
BRDA:465,35,0,0
BRDA:471,36,0,0
BRDA:471,36,1,0
BRDA:495,37,0,0
BRDA:495,37,1,0
BRDA:500,38,0,0
BRDA:500,38,1,0
BRDA:514,39,0,0
BRDA:514,39,1,0
BRDA:527,40,0,0
BRDA:527,40,1,0
BRDA:533,41,0,0
BRDA:533,41,1,0
BRDA:534,42,0,0
BRDA:534,42,1,0
BRDA:535,43,0,0
BRDA:535,43,1,0
BRDA:557,44,0,0
BRDA:557,44,1,0
BRDA:564,45,0,0
BRDA:564,45,1,0
BRDA:582,46,0,0
BRDA:582,46,1,0
BRDA:588,47,0,0
BRDA:588,47,1,0
BRDA:594,48,0,0
BRDA:594,48,1,0
BRDA:600,49,0,0
BRDA:600,49,1,0
BRDA:606,50,0,0
BRDA:606,50,1,0
BRDA:665,51,0,0
BRDA:665,51,1,0
BRDA:670,52,0,0
BRDA:670,52,1,0
BRDA:670,53,0,0
BRDA:670,53,1,0
BRDA:674,54,0,0
BRDA:674,54,1,0
BRDA:679,55,0,0
BRDA:679,55,1,0
BRDA:682,56,0,0
BRDA:682,56,1,0
BRDA:704,57,0,0
BRDA:704,57,1,0
BRDA:710,58,0,0
BRDA:710,58,1,0
BRDA:715,59,0,0
BRDA:715,59,1,0
BRDA:715,59,2,0
BRDA:718,60,0,0
BRDA:718,60,1,0
BRDA:771,61,0,0
BRDA:771,61,1,0
BRDA:785,62,0,0
BRDA:785,62,1,0
BRDA:787,63,0,0
BRDA:787,63,1,0
BRDA:799,64,0,0
BRDA:799,64,1,0
BRDA:803,65,0,0
BRDA:803,65,1,0
BRDA:804,66,0,0
BRDA:804,66,1,0
BRDA:842,67,0,0
BRDA:842,67,1,0
BRDA:859,68,0,0
BRDA:859,68,1,0
BRDA:879,69,0,0
BRDA:879,69,1,0
BRDA:903,70,0,0
BRDA:903,70,1,0
BRDA:904,71,0,0
BRDA:904,71,1,0
BRDA:906,72,0,0
BRDA:906,72,1,0
BRDA:927,73,0,0
BRDA:927,73,1,0
BRDA:952,74,0,0
BRDA:952,74,1,0
BRDA:989,75,0,0
BRDA:989,75,1,0
BRDA:989,76,0,0
BRDA:989,76,1,0
BRDA:989,76,2,0
BRDA:1005,77,0,0
BRDA:1005,77,1,0
BRDA:1019,78,0,0
BRDA:1019,78,1,0
BRDA:1036,79,0,0
BRDA:1036,79,1,0
BRDA:1055,80,0,0
BRDA:1055,80,1,0
BRDA:1072,81,0,0
BRDA:1072,81,1,0
BRDA:1092,82,0,0
BRDA:1092,82,1,0
BRDA:1146,83,0,0
BRDA:1146,83,1,0
BRDA:1164,84,0,0
BRDA:1164,84,1,0
BRDA:1165,85,0,0
BRDA:1165,85,1,0
BRDA:1207,86,0,0
BRDA:1207,86,1,0
BRDA:1214,87,0,0
BRDA:1214,87,1,0
BRDA:1224,88,0,0
BRDA:1224,88,1,0
BRDA:1239,89,0,0
BRDA:1239,89,1,0
BRDA:1240,90,0,0
BRDA:1240,90,1,0
BRDA:1250,91,0,0
BRDA:1250,91,1,0
BRDA:1313,92,0,0
BRDA:1313,92,1,0
BRDA:1313,93,0,0
BRDA:1313,93,1,0
BRDA:1317,94,0,0
BRDA:1317,94,1,0
BRDA:1324,95,0,0
BRDA:1324,95,1,0
BRDA:1331,96,0,0
BRDA:1331,96,1,0
BRDA:1354,97,0,0
BRDA:1354,97,1,0
BRDA:1370,98,0,0
BRDA:1370,98,1,0
BRDA:1392,99,0,0
BRDA:1392,99,1,0
BRDA:1392,100,0,0
BRDA:1392,100,1,0
BRDA:1392,100,2,0
BRDA:1399,101,0,0
BRDA:1399,101,1,0
BRDA:1406,102,0,0
BRDA:1406,102,1,0
BRDA:1415,103,0,0
BRDA:1415,103,1,0
BRDA:1452,104,0,0
BRDA:1452,104,1,0
BRDA:1459,105,0,0
BRDA:1459,105,1,0
BRDA:1490,106,0,0
BRDA:1490,106,1,0
BRDA:1495,107,0,0
BRDA:1495,107,1,0
BRDA:1529,108,0,0
BRDA:1529,108,1,0
BRDA:1529,109,0,0
BRDA:1529,109,1,0
BRDA:1559,110,0,0
BRDA:1559,110,1,0
BRDA:1559,111,0,0
BRDA:1559,111,1,0
BRDA:1559,111,2,0
BRDA:1566,112,0,0
BRDA:1566,112,1,0
BRDA:1569,113,0,0
BRDA:1569,113,1,0
BRDA:1570,114,0,0
BRDA:1570,114,1,0
BRDA:1571,115,0,0
BRDA:1571,115,1,0
BRDA:1572,116,0,0
BRDA:1572,116,1,0
BRDA:1573,117,0,0
BRDA:1573,117,1,0
BRDA:1577,118,0,0
BRDA:1577,118,1,0
BRDA:1577,119,0,0
BRDA:1577,119,1,0
BRDA:1577,119,2,0
BRDA:1599,120,0,0
BRDA:1599,120,1,0
BRDA:1604,121,0,0
BRDA:1604,121,1,0
BRDA:1607,122,0,0
BRDA:1607,122,1,0
BRDA:1626,123,0,0
BRDA:1626,123,1,0
BRDA:1631,124,0,0
BRDA:1631,124,1,0
BRDA:1646,125,0,0
BRDA:1646,125,1,0
BRDA:1647,126,0,0
BRDA:1647,126,1,0
BRDA:1648,127,0,0
BRDA:1648,127,1,0
BRDA:1649,128,0,0
BRDA:1649,128,1,0
BRDA:1650,129,0,0
BRDA:1650,129,1,0
BRDA:1651,130,0,0
BRDA:1651,130,1,0
BRDA:1656,131,0,0
BRDA:1656,131,1,0
BRDA:1656,132,0,0
BRDA:1656,132,1,0
BRDA:1658,133,0,0
BRDA:1658,133,1,0
BRDA:1681,134,0,0
BRDA:1681,134,1,0
BRDA:1686,135,0,0
BRDA:1686,135,1,0
BRDA:1710,136,0,0
BRDA:1710,136,1,0
BRDA:1710,137,0,0
BRDA:1710,137,1,0
BRDA:1737,138,0,0
BRDA:1737,138,1,0
BRDA:1737,139,0,0
BRDA:1737,139,1,0
BRDA:1741,140,0,0
BRDA:1741,140,1,0
BRDA:1741,141,0,0
BRDA:1741,141,1,0
BRDA:1745,142,0,0
BRDA:1745,142,1,0
BRDA:1745,143,0,0
BRDA:1745,143,1,0
BRDA:1745,143,2,0
BRDA:1751,144,0,0
BRDA:1751,144,1,0
BRDA:1754,145,0,0
BRDA:1754,145,1,0
BRDA:1755,146,0,0
BRDA:1755,146,1,0
BRDA:1756,147,0,0
BRDA:1756,147,1,0
BRDA:1757,148,0,0
BRDA:1757,148,1,0
BRDA:1775,149,0,0
BRDA:1775,149,1,0
BRDA:1780,150,0,0
BRDA:1780,150,1,0
BRDA:1799,151,0,0
BRDA:1799,151,1,0
BRDA:1804,152,0,0
BRDA:1804,152,1,0
BRDA:1819,153,0,0
BRDA:1819,153,1,0
BRDA:1820,154,0,0
BRDA:1820,154,1,0
BRDA:1821,155,0,0
BRDA:1821,155,1,0
BRDA:1822,156,0,0
BRDA:1822,156,1,0
BRDA:1823,157,0,0
BRDA:1823,157,1,0
BRDA:1824,158,0,0
BRDA:1824,158,1,0
BRDA:1825,159,0,0
BRDA:1825,159,1,0
BRDA:1847,160,0,0
BRDA:1847,160,1,0
BRDA:1852,161,0,0
BRDA:1852,161,1,0
BRDA:1875,162,0,0
BRDA:1875,162,1,0
BRF:330
BRH:0
end_of_record
TN:
SF:repositories/availabilityRepository.js
FN:13,createAvailabilityBlock
FN:49,getAvailabilityByUserId
FN:98,(anonymous_2)
FN:116,getAvailabilityBlockById
FN:137,updateAvailabilityBlock
FN:168,(anonymous_5)
FN:203,deleteAvailabilityBlock
FN:219,deleteAllForUser
FN:243,getAvailabilityForDateRange
FNF:9
FNH:0
FNDA:0,createAvailabilityBlock
FNDA:0,getAvailabilityByUserId
FNDA:0,(anonymous_2)
FNDA:0,getAvailabilityBlockById
FNDA:0,updateAvailabilityBlock
FNDA:0,(anonymous_5)
FNDA:0,deleteAvailabilityBlock
FNDA:0,deleteAllForUser
FNDA:0,getAvailabilityForDateRange
DA:6,1
DA:14,0
DA:27,0
DA:39,0
DA:40,0
DA:50,0
DA:60,0
DA:61,0
DA:63,0
DA:64,0
DA:65,0
DA:66,0
DA:69,0
DA:70,0
DA:71,0
DA:72,0
DA:75,0
DA:76,0
DA:77,0
DA:78,0
DA:81,0
DA:82,0
DA:83,0
DA:84,0
DA:87,0
DA:89,0
DA:92,0
DA:98,0
DA:99,0
DA:100,0
DA:101,0
DA:102,0
DA:103,0
DA:104,0
DA:108,0
DA:117,0
DA:127,0
DA:128,0
DA:138,0
DA:148,0
DA:164,0
DA:165,0
DA:166,0
DA:168,0
DA:169,0
DA:170,0
DA:171,0
DA:172,0
DA:173,0
DA:177,0
DA:178,0
DA:181,0
DA:183,0
DA:194,0
DA:195,0
DA:204,0
DA:209,0
DA:210,0
DA:220,0
DA:225,0
DA:227,0
DA:228,0
DA:229,0
DA:232,0
DA:233,0
DA:244,0
DA:259,0
DA:260,0
DA:263,1
LF:69
LH:2
BRDA:30,0,0,0
BRDA:30,0,1,0
BRDA:31,1,0,0
BRDA:31,1,1,0
BRDA:32,2,0,0
BRDA:32,2,1,0
BRDA:33,3,0,0
BRDA:33,3,1,0
BRDA:34,4,0,0
BRDA:34,4,1,0
BRDA:35,5,0,0
BRDA:35,5,1,0
BRDA:36,6,0,0
BRDA:36,6,1,0
BRDA:49,7,0,0
BRDA:63,8,0,0
BRDA:63,8,1,0
BRDA:69,9,0,0
BRDA:69,9,1,0
BRDA:75,10,0,0
BRDA:75,10,1,0
BRDA:81,11,0,0
BRDA:81,11,1,0
BRDA:99,12,0,0
BRDA:99,12,1,0
BRDA:101,13,0,0
BRDA:101,13,1,0
BRDA:103,14,0,0
BRDA:103,14,1,0
BRDA:128,15,0,0
BRDA:128,15,1,0
BRDA:170,16,0,0
BRDA:170,16,1,0
BRDA:170,17,0,0
BRDA:170,17,1,0
BRDA:177,18,0,0
BRDA:177,18,1,0
BRDA:219,19,0,0
BRDA:227,20,0,0
BRDA:227,20,1,0
BRF:40
BRH:0
end_of_record
TN:
SF:repositories/calendarIntegrationRepository.js
FN:15,createIntegration
FN:62,getIntegrationsByUserId
FN:79,(anonymous_2)
FN:97,getIntegrationById
FN:137,updateTokens
FN:168,updateLastSync
FN:184,disconnectIntegration
FN:200,deleteIntegration
FN:217,getIntegrationByProvider
FNF:9
FNH:0
FNDA:0,createIntegration
FNDA:0,getIntegrationsByUserId
FNDA:0,(anonymous_2)
FNDA:0,getIntegrationById
FNDA:0,updateTokens
FNDA:0,updateLastSync
FNDA:0,disconnectIntegration
FNDA:0,deleteIntegration
FNDA:0,getIntegrationByProvider
DA:7,0
DA:8,0
DA:25,0
DA:39,0
DA:52,0
DA:53,0
DA:63,0
DA:76,0
DA:78,0
DA:79,0
DA:88,0
DA:98,0
DA:110,0
DA:112,0
DA:113,0
DA:116,0
DA:118,0
DA:119,0
DA:128,0
DA:138,0
DA:152,0
DA:159,0
DA:160,0
DA:169,0
DA:175,0
DA:176,0
DA:185,0
DA:191,0
DA:192,0
DA:201,0
DA:206,0
DA:207,0
DA:218,0
DA:228,0
DA:230,0
DA:231,0
DA:234,0
DA:236,0
DA:245,0
LF:39
LH:0
BRDA:44,0,0,0
BRDA:44,0,1,0
BRDA:45,1,0,0
BRDA:45,1,1,0
BRDA:46,2,0,0
BRDA:46,2,1,0
BRDA:47,3,0,0
BRDA:47,3,1,0
BRDA:48,4,0,0
BRDA:48,4,1,0
BRDA:62,5,0,0
BRDA:67,6,0,0
BRDA:67,6,1,0
BRDA:78,7,0,0
BRDA:78,7,1,0
BRDA:81,8,0,0
BRDA:81,8,1,0
BRDA:82,9,0,0
BRDA:82,9,1,0
BRDA:97,10,0,0
BRDA:102,11,0,0
BRDA:102,11,1,0
BRDA:112,12,0,0
BRDA:112,12,1,0
BRDA:118,13,0,0
BRDA:118,13,1,0
BRDA:121,14,0,0
BRDA:121,14,1,0
BRDA:122,15,0,0
BRDA:122,15,1,0
BRDA:154,16,0,0
BRDA:154,16,1,0
BRDA:155,17,0,0
BRDA:155,17,1,0
BRDA:230,18,0,0
BRDA:230,18,1,0
BRDA:238,19,0,0
BRDA:238,19,1,0
BRDA:239,20,0,0
BRDA:239,20,1,0
BRF:40
BRH:0
end_of_record
TN:
SF:repositories/groupRepository.js
FN:14,createGroup
FN:15,(anonymous_1)
FN:43,getGroupsByUserId
FN:73,getGroupById
FN:121,(anonymous_4)
FN:135,updateGroup
FN:141,(anonymous_6)
FN:171,softDeleteGroup
FN:189,addMember
FN:207,removeMember
FN:224,updateMemberRole
FN:242,getMemberRole
FN:259,isMember
FNF:13
FNH:12
FNDA:17,createGroup
FNDA:17,(anonymous_1)
FNDA:2,getGroupsByUserId
FNDA:3,getGroupById
FNDA:0,(anonymous_4)
FNDA:1,updateGroup
FNDA:2,(anonymous_6)
FNDA:1,softDeleteGroup
FNDA:4,addMember
FNDA:1,removeMember
FNDA:1,updateMemberRole
FNDA:5,getMemberRole
FNDA:4,isMember
DA:6,3
DA:15,17
DA:17,17
DA:23,17
DA:24,17
DA:27,17
DA:32,17
DA:34,17
DA:44,2
DA:63,2
DA:64,2
DA:74,3
DA:87,3
DA:89,3
DA:90,2
DA:93,1
DA:96,1
DA:116,1
DA:117,1
DA:120,1
DA:121,0
DA:122,0
DA:123,0
DA:126,1
DA:136,1
DA:137,1
DA:138,1
DA:139,1
DA:141,1
DA:142,2
DA:143,2
DA:144,2
DA:145,2
DA:149,1
DA:150,0
DA:153,1
DA:155,1
DA:162,1
DA:163,1
DA:172,1
DA:178,1
DA:179,1
DA:190,4
DA:197,4
DA:198,4
DA:208,1
DA:213,1
DA:214,1
DA:225,1
DA:232,1
DA:233,1
DA:243,5
DA:249,5
DA:250,5
DA:260,4
DA:267,4
DA:268,4
DA:271,3
LF:58
LH:54
BRDA:23,0,0,17
BRDA:23,0,1,0
BRDA:23,1,0,17
BRDA:23,1,1,0
BRDA:73,2,0,3
BRDA:89,3,0,2
BRDA:89,3,1,1
BRDA:120,4,0,0
BRDA:120,4,1,1
BRDA:122,5,0,0
BRDA:122,5,1,0
BRDA:142,6,0,2
BRDA:142,6,1,0
BRDA:149,7,0,0
BRDA:149,7,1,1
BRDA:189,8,0,0
BRDA:250,9,0,5
BRDA:250,9,1,1
BRF:18
BRH:10
end_of_record
TN:
SF:repositories/invitationRepository.js
FN:13,createInvitation
FN:37,getInvitationsByUserId
FN:75,getInvitationById
FN:103,updateInvitationStatus
FN:129,invitationExists
FN:146,deleteInvitation
FN:161,getPendingInvitationsCount
FNF:7
FNH:7
FNDA:11,createInvitation
FNDA:2,getInvitationsByUserId
FNDA:3,getInvitationById
FNDA:2,updateInvitationStatus
FNDA:2,invitationExists
FNDA:1,deleteInvitation
FNDA:2,getPendingInvitationsCount
DA:6,1
DA:14,11
DA:27,11
DA:28,10
DA:38,2
DA:57,2
DA:59,2
DA:60,1
DA:61,1
DA:64,2
DA:66,2
DA:67,2
DA:76,3
DA:93,3
DA:94,3
DA:104,2
DA:118,2
DA:119,2
DA:130,2
DA:137,2
DA:138,2
DA:147,1
DA:152,1
DA:153,1
DA:162,2
DA:169,2
DA:170,2
DA:173,1
LF:28
LH:28
BRDA:37,0,0,1
BRDA:59,1,0,1
BRDA:59,1,1,1
BRDA:94,2,0,3
BRDA:94,2,1,2
BRDA:129,3,0,2
BRF:6
BRH:6
end_of_record
TN:
SF:repositories/meetingProposalRepository.js
FN:14,createProposal
FN:15,(anonymous_1)
FN:43,(anonymous_2)
FN:85,getProposalsByGroupId
FN:117,getProposalById
FN:149,getProposalByToken
FN:175,getResponsesByProposalId
FN:199,updateResponse
FN:236,updateProposalStatus
FN:257,deleteProposal
FNF:10
FNH:0
FNDA:0,createProposal
FNDA:0,(anonymous_1)
FNDA:0,(anonymous_2)
FNDA:0,getProposalsByGroupId
FNDA:0,getProposalById
FNDA:0,getProposalByToken
FNDA:0,getResponsesByProposalId
FNDA:0,updateResponse
FNDA:0,updateProposalStatus
FNDA:0,deleteProposal
DA:6,0
DA:15,0
DA:17,0
DA:27,0
DA:36,0
DA:37,0
DA:40,0
DA:41,0
DA:43,0
DA:44,0
DA:45,0
DA:48,0
DA:57,0
DA:58,0
DA:70,0
DA:71,0
DA:73,0
DA:76,0
DA:86,0
DA:101,0
DA:102,0
DA:105,0
DA:106,0
DA:109,0
DA:118,0
DA:132,0
DA:134,0
DA:135,0
DA:138,0
DA:139,0
DA:141,0
DA:150,0
DA:166,0
DA:167,0
DA:176,0
DA:189,0
DA:190,0
DA:200,0
DA:218,0
DA:226,0
DA:227,0
DA:237,0
DA:248,0
DA:249,0
DA:258,0
DA:263,0
DA:264,0
DA:267,0
LF:48
LH:0
BRDA:31,0,0,0
BRDA:31,0,1,0
BRDA:57,1,0,0
BRDA:57,1,1,0
BRDA:134,2,0,0
BRDA:134,2,1,0
BRDA:167,3,0,0
BRDA:167,3,1,0
BRDA:220,4,0,0
BRDA:220,4,1,0
BRDA:221,5,0,0
BRDA:221,5,1,0
BRDA:222,6,0,0
BRDA:222,6,1,0
BRF:14
BRH:0
end_of_record
TN:
SF:repositories/scheduleEventRepository.js
FN:14,createEvent
FN:15,(anonymous_1)
FN:53,(anonymous_2)
FN:80,getEventsByUserId
FN:138,getEventById
FN:168,getEventAttendees
FN:177,(anonymous_6)
FN:186,updateEvent
FN:215,(anonymous_8)
FN:250,deleteEvent
FN:266,addAttendee
FN:283,removeAttendee
FNF:12
FNH:8
FNDA:9,createEvent
FNDA:9,(anonymous_1)
FNDA:0,(anonymous_2)
FNDA:1,getEventsByUserId
FNDA:3,getEventById
FNDA:5,getEventAttendees
FNDA:0,(anonymous_6)
FNDA:1,updateEvent
FNDA:2,(anonymous_8)
FNDA:1,deleteEvent
FNDA:0,addAttendee
FNDA:0,removeAttendee
DA:6,1
DA:15,9
DA:17,9
DA:30,9
DA:45,9
DA:46,9
DA:49,9
DA:50,0
DA:51,0
DA:53,0
DA:54,0
DA:55,0
DA:56,0
DA:59,0
DA:65,0
DA:68,9
DA:70,9
DA:81,1
DA:94,1
DA:95,1
DA:97,1
DA:98,0
DA:99,0
DA:100,0
DA:103,1
DA:104,0
DA:105,0
DA:106,0
DA:109,1
DA:110,0
DA:111,0
DA:112,0
DA:115,1
DA:116,0
DA:117,0
DA:118,0
DA:121,1
DA:123,1
DA:126,1
DA:127,4
DA:130,1
DA:139,3
DA:151,3
DA:153,3
DA:154,2
DA:157,1
DA:158,1
DA:160,1
DA:169,5
DA:176,5
DA:177,5
DA:187,1
DA:198,1
DA:211,1
DA:212,1
DA:213,1
DA:215,1
DA:216,2
DA:217,2
DA:218,2
DA:219,2
DA:220,2
DA:224,1
DA:225,0
DA:228,1
DA:230,1
DA:241,1
DA:242,1
DA:251,1
DA:256,1
DA:257,1
DA:267,0
DA:273,0
DA:274,0
DA:284,0
DA:289,0
DA:290,0
DA:293,1
LF:78
LH:51
BRDA:14,0,0,9
BRDA:32,1,0,9
BRDA:32,1,1,8
BRDA:36,2,0,9
BRDA:36,2,1,8
BRDA:37,3,0,9
BRDA:37,3,1,8
BRDA:38,4,0,9
BRDA:38,4,1,8
BRDA:39,5,0,9
BRDA:39,5,1,8
BRDA:40,6,0,0
BRDA:40,6,1,9
BRDA:41,7,0,9
BRDA:41,7,1,9
BRDA:49,8,0,0
BRDA:49,8,1,9
BRDA:80,9,0,1
BRDA:97,10,0,0
BRDA:97,10,1,1
BRDA:103,11,0,0
BRDA:103,11,1,1
BRDA:109,12,0,0
BRDA:109,12,1,1
BRDA:115,13,0,0
BRDA:115,13,1,1
BRDA:153,14,0,2
BRDA:153,14,1,1
BRDA:217,15,0,2
BRDA:217,15,1,0
BRDA:217,16,0,2
BRDA:217,16,1,2
BRDA:224,17,0,0
BRDA:224,17,1,1
BRF:34
BRH:26
end_of_record
TN:
SF:repositories/userRepository.js
FN:13,createUser
FN:38,findByEmail
FN:58,findById
FN:75,updateProfile
FN:88,(anonymous_4)
FN:120,updatePassword
FN:136,softDeleteUser
FN:152,emailExists
FN:167,searchUsers
FNF:9
FNH:7
FNDA:27,createUser
FNDA:4,findByEmail
FNDA:3,findById
FNDA:1,updateProfile
FNDA:2,(anonymous_4)
FNDA:1,updatePassword
FNDA:1,softDeleteUser
FNDA:0,emailExists
FNDA:0,searchUsers
DA:6,5
DA:14,27
DA:20,27
DA:28,27
DA:29,26
DA:39,4
DA:43,4
DA:49,4
DA:50,4
DA:59,3
DA:65,3
DA:66,3
DA:76,1
DA:77,1
DA:78,1
DA:79,1
DA:82,1
DA:88,1
DA:89,2
DA:90,2
DA:91,2
DA:92,2
DA:93,2
DA:97,1
DA:98,0
DA:101,1
DA:103,1
DA:110,1
DA:111,1
DA:121,1
DA:127,1
DA:128,1
DA:137,1
DA:143,1
DA:144,1
DA:153,0
DA:157,0
DA:158,0
DA:168,0
DA:176,0
DA:177,0
DA:180,5
LF:42
LH:35
BRDA:24,0,0,27
BRDA:24,0,1,26
BRDA:25,1,0,27
BRDA:25,1,1,26
BRDA:38,2,0,2
BRDA:39,3,0,2
BRDA:39,3,1,2
BRDA:50,4,0,4
BRDA:50,4,1,1
BRDA:66,5,0,3
BRDA:66,5,1,2
BRDA:89,6,0,2
BRDA:89,6,1,0
BRDA:97,7,0,0
BRDA:97,7,1,1
BRDA:167,8,0,0
BRF:16
BRH:13
end_of_record
TN:
SF:utils/encryption.js
FN:20,getKey
FN:38,encrypt
FN:65,decrypt
FN:98,generateToken
FN:106,generateEncryptionKey
FNF:5
FNH:0
FNDA:0,getKey
FNDA:0,encrypt
FNDA:0,decrypt
FNDA:0,generateToken
FNDA:0,generateEncryptionKey
DA:6,0
DA:9,0
DA:10,0
DA:11,0
DA:12,0
DA:14,0
DA:15,0
DA:16,0
DA:21,0
DA:23,0
DA:26,0
DA:27,0
DA:28,0
DA:30,0
DA:39,0
DA:40,0
DA:43,0
DA:44,0
DA:45,0
DA:47,0
DA:48,0
DA:50,0
DA:53,0
DA:55,0
DA:56,0
DA:66,0
DA:67,0
DA:70,0
DA:71,0
DA:72,0
DA:73,0
DA:76,0
DA:77,0
DA:78,0
DA:80,0
DA:81,0
DA:83,0
DA:84,0
DA:86,0
DA:88,0
DA:89,0
DA:99,0
DA:107,0
DA:110,0
LF:44
LH:0
BRDA:14,0,0,0
BRDA:14,0,1,0
BRDA:21,1,0,0
BRDA:21,1,1,0
BRDA:27,2,0,0
BRDA:27,2,1,0
BRDA:39,3,0,0
BRDA:39,3,1,0
BRDA:66,4,0,0
BRDA:66,4,1,0
BRDA:72,5,0,0
BRDA:72,5,1,0
BRDA:98,6,0,0
BRF:13
BRH:0
end_of_record
